[0.319s] DEBUG:colcon:Command line arguments: ['/usr/bin/colcon', 'build', '--symlink-install']
[0.319s] DEBUG:colcon:Parsed command line arguments: Namespace(log_base=None, log_level=None, verb_name='build', build_base='build', install_base='install', merge_install=False, symlink_install=True, test_result_base=None, continue_on_error=False, executor='parallel', parallel_workers=6, event_handlers=None, ignore_user_meta=False, metas=['./colcon.meta'], base_paths=['.'], packages_ignore=None, packages_ignore_regex=None, paths=None, packages_up_to=None, packages_up_to_regex=None, packages_above=None, packages_above_and_dependencies=None, packages_above_depth=None, packages_select_by_dep=None, packages_skip_by_dep=None, packages_skip_up_to=None, packages_select_build_failed=False, packages_skip_build_finished=False, packages_select_test_failures=False, packages_skip_test_passed=False, packages_select=None, packages_skip=None, packages_select_regex=None, packages_skip_regex=None, packages_start=None, packages_end=None, allow_overriding=[], cmake_args=None, cmake_target=None, cmake_target_skip_unavailable=False, cmake_clean_cache=False, cmake_clean_first=False, cmake_force_configure=False, ament_cmake_args=None, catkin_cmake_args=None, catkin_skip_building_tests=False, mixin_files=None, mixin=None, verb_parser=<colcon_mixin.mixin.mixin_argument.MixinArgumentDecorator object at 0xffffb7b51db0>, verb_extension=<colcon_core.verb.build.BuildVerb object at 0xffffb7d0efb0>, main=<bound method BuildVerb.main of <colcon_core.verb.build.BuildVerb object at 0xffffb7d0efb0>>, mixin_verb=('build',))
[0.810s] Level 1:colcon.colcon_core.package_discovery:discover_packages(colcon_meta) check parameters
[0.811s] Level 1:colcon.colcon_core.package_discovery:discover_packages(recursive) check parameters
[0.811s] Level 1:colcon.colcon_core.package_discovery:discover_packages(ignore) check parameters
[0.811s] Level 1:colcon.colcon_core.package_discovery:discover_packages(path) check parameters
[0.811s] Level 1:colcon.colcon_core.package_discovery:discover_packages(colcon_meta) discover
[0.811s] Level 1:colcon.colcon_core.package_discovery:discover_packages(recursive) discover
[0.811s] INFO:colcon.colcon_core.package_discovery:Crawling recursively for packages in '/home/icad/RYUGU-ROV'
[0.812s] Level 1:colcon.colcon_core.package_identification:_identify(.) by extensions ['ignore', 'ignore_ament_install']
[0.812s] Level 1:colcon.colcon_core.package_identification:_identify(.) by extension 'ignore'
[0.812s] Level 1:colcon.colcon_core.package_identification:_identify(.) by extension 'ignore_ament_install'
[0.812s] Level 1:colcon.colcon_core.package_identification:_identify(.) by extensions ['colcon_pkg']
[0.812s] Level 1:colcon.colcon_core.package_identification:_identify(.) by extension 'colcon_pkg'
[0.812s] Level 1:colcon.colcon_core.package_identification:_identify(.) by extensions ['colcon_meta']
[0.812s] Level 1:colcon.colcon_core.package_identification:_identify(.) by extension 'colcon_meta'
[0.813s] Level 1:colcon.colcon_core.package_identification:_identify(.) by extensions ['ros']
[0.813s] Level 1:colcon.colcon_core.package_identification:_identify(.) by extension 'ros'
[0.839s] Level 1:colcon.colcon_core.package_identification:_identify(.) by extensions ['cmake', 'python']
[0.840s] Level 1:colcon.colcon_core.package_identification:_identify(.) by extension 'cmake'
[0.840s] Level 1:colcon.colcon_core.package_identification:_identify(.) by extension 'python'
[0.840s] Level 1:colcon.colcon_core.package_identification:_identify(.) by extensions ['python_setup_py']
[0.840s] Level 1:colcon.colcon_core.package_identification:_identify(.) by extension 'python_setup_py'
[0.840s] Level 1:colcon.colcon_core.package_identification:_identify(build) by extensions ['ignore', 'ignore_ament_install']
[0.841s] Level 1:colcon.colcon_core.package_identification:_identify(build) by extension 'ignore'
[0.841s] Level 1:colcon.colcon_core.package_identification:_identify(build) ignored
[0.841s] Level 1:colcon.colcon_core.package_identification:_identify(install) by extensions ['ignore', 'ignore_ament_install']
[0.841s] Level 1:colcon.colcon_core.package_identification:_identify(install) by extension 'ignore'
[0.841s] Level 1:colcon.colcon_core.package_identification:_identify(install) ignored
[0.842s] Level 1:colcon.colcon_core.package_identification:_identify(log) by extensions ['ignore', 'ignore_ament_install']
[0.842s] Level 1:colcon.colcon_core.package_identification:_identify(log) by extension 'ignore'
[0.842s] Level 1:colcon.colcon_core.package_identification:_identify(log) ignored
[0.842s] Level 1:colcon.colcon_core.package_identification:_identify(src) by extensions ['ignore', 'ignore_ament_install']
[0.842s] Level 1:colcon.colcon_core.package_identification:_identify(src) by extension 'ignore'
[0.842s] Level 1:colcon.colcon_core.package_identification:_identify(src) by extension 'ignore_ament_install'
[0.843s] Level 1:colcon.colcon_core.package_identification:_identify(src) by extensions ['colcon_pkg']
[0.843s] Level 1:colcon.colcon_core.package_identification:_identify(src) by extension 'colcon_pkg'
[0.843s] Level 1:colcon.colcon_core.package_identification:_identify(src) by extensions ['colcon_meta']
[0.843s] Level 1:colcon.colcon_core.package_identification:_identify(src) by extension 'colcon_meta'
[0.843s] Level 1:colcon.colcon_core.package_identification:_identify(src) by extensions ['ros']
[0.843s] Level 1:colcon.colcon_core.package_identification:_identify(src) by extension 'ros'
[0.843s] Level 1:colcon.colcon_core.package_identification:_identify(src) by extensions ['cmake', 'python']
[0.843s] Level 1:colcon.colcon_core.package_identification:_identify(src) by extension 'cmake'
[0.843s] Level 1:colcon.colcon_core.package_identification:_identify(src) by extension 'python'
[0.844s] Level 1:colcon.colcon_core.package_identification:_identify(src) by extensions ['python_setup_py']
[0.844s] Level 1:colcon.colcon_core.package_identification:_identify(src) by extension 'python_setup_py'
[0.844s] Level 1:colcon.colcon_core.package_identification:_identify(src/ryugu_control) by extensions ['ignore', 'ignore_ament_install']
[0.844s] Level 1:colcon.colcon_core.package_identification:_identify(src/ryugu_control) by extension 'ignore'
[0.844s] Level 1:colcon.colcon_core.package_identification:_identify(src/ryugu_control) by extension 'ignore_ament_install'
[0.844s] Level 1:colcon.colcon_core.package_identification:_identify(src/ryugu_control) by extensions ['colcon_pkg']
[0.844s] Level 1:colcon.colcon_core.package_identification:_identify(src/ryugu_control) by extension 'colcon_pkg'
[0.845s] Level 1:colcon.colcon_core.package_identification:_identify(src/ryugu_control) by extensions ['colcon_meta']
[0.845s] Level 1:colcon.colcon_core.package_identification:_identify(src/ryugu_control) by extension 'colcon_meta'
[0.845s] Level 1:colcon.colcon_core.package_identification:_identify(src/ryugu_control) by extensions ['ros']
[0.845s] Level 1:colcon.colcon_core.package_identification:_identify(src/ryugu_control) by extension 'ros'
[0.852s] DEBUG:colcon.colcon_core.package_identification:Package 'src/ryugu_control' with type 'ros.ament_python' and name 'ryugu_control'
[0.852s] Level 1:colcon.colcon_core.package_discovery:discover_packages(recursive) using defaults
[0.852s] Level 1:colcon.colcon_core.package_discovery:discover_packages(ignore) discover
[0.852s] Level 1:colcon.colcon_core.package_discovery:discover_packages(ignore) using defaults
[0.852s] Level 1:colcon.colcon_core.package_discovery:discover_packages(path) discover
[0.852s] Level 1:colcon.colcon_core.package_discovery:discover_packages(path) using defaults
[0.941s] Level 1:colcon.colcon_core.package_discovery:discover_packages(prefix_path) check parameters
[0.941s] Level 1:colcon.colcon_core.package_discovery:discover_packages(prefix_path) discover
[0.948s] DEBUG:colcon.colcon_installed_package_information.package_discovery:Found 280 installed packages in /opt/ros/humble
[0.951s] Level 1:colcon.colcon_core.package_discovery:discover_packages(prefix_path) using defaults
[1.043s] Level 5:colcon.colcon_core.verb:set package 'ryugu_control' build argument 'cmake_args' from command line to 'None'
[1.044s] Level 5:colcon.colcon_core.verb:set package 'ryugu_control' build argument 'cmake_target' from command line to 'None'
[1.044s] Level 5:colcon.colcon_core.verb:set package 'ryugu_control' build argument 'cmake_target_skip_unavailable' from command line to 'False'
[1.044s] Level 5:colcon.colcon_core.verb:set package 'ryugu_control' build argument 'cmake_clean_cache' from command line to 'False'
[1.044s] Level 5:colcon.colcon_core.verb:set package 'ryugu_control' build argument 'cmake_clean_first' from command line to 'False'
[1.044s] Level 5:colcon.colcon_core.verb:set package 'ryugu_control' build argument 'cmake_force_configure' from command line to 'False'
[1.044s] Level 5:colcon.colcon_core.verb:set package 'ryugu_control' build argument 'ament_cmake_args' from command line to 'None'
[1.044s] Level 5:colcon.colcon_core.verb:set package 'ryugu_control' build argument 'catkin_cmake_args' from command line to 'None'
[1.044s] Level 5:colcon.colcon_core.verb:set package 'ryugu_control' build argument 'catkin_skip_building_tests' from command line to 'False'
[1.044s] DEBUG:colcon.colcon_core.verb:Building package 'ryugu_control' with the following arguments: {'ament_cmake_args': None, 'build_base': '/home/icad/RYUGU-ROV/build/ryugu_control', 'catkin_cmake_args': None, 'catkin_skip_building_tests': False, 'cmake_args': None, 'cmake_clean_cache': False, 'cmake_clean_first': False, 'cmake_force_configure': False, 'cmake_target': None, 'cmake_target_skip_unavailable': False, 'install_base': '/home/icad/RYUGU-ROV/install/ryugu_control', 'merge_install': False, 'path': '/home/icad/RYUGU-ROV/src/ryugu_control', 'symlink_install': True, 'test_result_base': None}
[1.044s] INFO:colcon.colcon_core.executor:Executing jobs using 'parallel' executor
[1.047s] DEBUG:colcon.colcon_parallel_executor.executor.parallel:run_until_complete
[1.048s] INFO:colcon.colcon_ros.task.ament_python.build:Building ROS package in '/home/icad/RYUGU-ROV/src/ryugu_control' with build type 'ament_python'
[1.048s] Level 1:colcon.colcon_core.shell:create_environment_hook('ryugu_control', 'ament_prefix_path')
[1.054s] INFO:colcon.colcon_core.plugin_system:Skipping extension 'colcon_core.shell.bat': Not used on non-Windows systems
[1.055s] INFO:colcon.colcon_core.shell:Creating environment hook '/home/icad/RYUGU-ROV/install/ryugu_control/share/ryugu_control/hook/ament_prefix_path.ps1'
[1.057s] INFO:colcon.colcon_core.shell:Creating environment descriptor '/home/icad/RYUGU-ROV/install/ryugu_control/share/ryugu_control/hook/ament_prefix_path.dsv'
[1.058s] INFO:colcon.colcon_core.shell:Creating environment hook '/home/icad/RYUGU-ROV/install/ryugu_control/share/ryugu_control/hook/ament_prefix_path.sh'
[1.061s] INFO:colcon.colcon_core.shell:Skip shell extension 'powershell' for command environment: Not usable outside of PowerShell
[1.061s] DEBUG:colcon.colcon_core.shell:Skip shell extension 'dsv' for command environment
[1.703s] INFO:colcon.colcon_core.task.python.build:Building Python package in '/home/icad/RYUGU-ROV/src/ryugu_control'
[1.704s] INFO:colcon.colcon_core.shell:Skip shell extension 'powershell' for command environment: Not usable outside of PowerShell
[1.704s] DEBUG:colcon.colcon_core.shell:Skip shell extension 'dsv' for command environment
[2.575s] DEBUG:colcon.colcon_core.task.python.build:Available setuptools commands: develop, bdist_egg, dist_info, build_scripts, check, bdist, build_clib, clean, install, install_scripts, alias, setopt, bdist_dumb, build, install_data, build_py, rotate, bdist_rpm, install_egg_info, upload, upload_docs, build_ext, easy_install, egg_info, install_lib, saveopts, test, sdist, bdist_wheel, install_headers, symlink_data, register
[3.248s] DEBUG:colcon.colcon_core.task.python.build:Available setuptools 'develop' options: --multi-version, --force-installation-into-system-dir, --find-links, --verbose, --build-directory, --script-dir, --install-dir, --version, --egg-path, --dry-run, --always-unzip, --upgrade, --user, --zip-ok, --optimize, --always-copy, --no-find-links, --site-dirs, --quiet, --index-url, --allow-hosts, --uninstall, --prefix, --editable, --no-user-cfg, --local-snapshots-ok, --record, --no-deps, --exclude-scripts, --install-layout, --help
[3.253s] DEBUG:colcon.colcon_core.event_handler.log_command:Invoking command in '/home/icad/RYUGU-ROV/build/ryugu_control': PYTHONPATH=/home/icad/RYUGU-ROV/build/ryugu_control/prefix_override:/usr/lib/python3/dist-packages/colcon_core/task/python/colcon_distutils_commands:/home/icad/RYUGU-ROV/install/ryugu_control/lib/python3.10/site-packages:${PYTHONPATH} /usr/bin/python3 -W ignore:setup.py install is deprecated -W ignore:easy_install command is deprecated setup.py develop --editable --build-directory /home/icad/RYUGU-ROV/build/ryugu_control/build --no-deps symlink_data
[4.374s] Level 1:colcon.colcon_core.shell:create_environment_hook('ryugu_control', 'pythonpath_develop')
[4.375s] INFO:colcon.colcon_core.shell:Creating environment hook '/home/icad/RYUGU-ROV/build/ryugu_control/share/ryugu_control/hook/pythonpath_develop.ps1'
[4.377s] DEBUG:colcon.colcon_core.event_handler.log_command:Invoked command in '/home/icad/RYUGU-ROV/build/ryugu_control' returned '0': PYTHONPATH=/home/icad/RYUGU-ROV/build/ryugu_control/prefix_override:/usr/lib/python3/dist-packages/colcon_core/task/python/colcon_distutils_commands:/home/icad/RYUGU-ROV/install/ryugu_control/lib/python3.10/site-packages:${PYTHONPATH} /usr/bin/python3 -W ignore:setup.py install is deprecated -W ignore:easy_install command is deprecated setup.py develop --editable --build-directory /home/icad/RYUGU-ROV/build/ryugu_control/build --no-deps symlink_data
[4.379s] INFO:colcon.colcon_core.shell:Creating environment descriptor '/home/icad/RYUGU-ROV/build/ryugu_control/share/ryugu_control/hook/pythonpath_develop.dsv'
[4.380s] INFO:colcon.colcon_core.shell:Creating environment hook '/home/icad/RYUGU-ROV/build/ryugu_control/share/ryugu_control/hook/pythonpath_develop.sh'
[4.393s] Level 1:colcon.colcon_core.environment:checking '/home/icad/RYUGU-ROV/install/ryugu_control' for CMake module files
[4.395s] Level 1:colcon.colcon_core.environment:checking '/home/icad/RYUGU-ROV/install/ryugu_control' for CMake config files
[4.397s] Level 1:colcon.colcon_core.environment:checking '/home/icad/RYUGU-ROV/install/ryugu_control/lib'
[4.398s] Level 1:colcon.colcon_core.environment:checking '/home/icad/RYUGU-ROV/install/ryugu_control/bin'
[4.399s] Level 1:colcon.colcon_core.environment:checking '/home/icad/RYUGU-ROV/install/ryugu_control/lib/pkgconfig/ryugu_control.pc'
[4.399s] Level 1:colcon.colcon_core.environment:checking '/home/icad/RYUGU-ROV/install/ryugu_control/lib/python3.10/site-packages'
[4.399s] Level 1:colcon.colcon_core.shell:create_environment_hook('ryugu_control', 'pythonpath')
[4.400s] INFO:colcon.colcon_core.shell:Creating environment hook '/home/icad/RYUGU-ROV/install/ryugu_control/share/ryugu_control/hook/pythonpath.ps1'
[4.401s] INFO:colcon.colcon_core.shell:Creating environment descriptor '/home/icad/RYUGU-ROV/install/ryugu_control/share/ryugu_control/hook/pythonpath.dsv'
[4.402s] INFO:colcon.colcon_core.shell:Creating environment hook '/home/icad/RYUGU-ROV/install/ryugu_control/share/ryugu_control/hook/pythonpath.sh'
[4.405s] Level 1:colcon.colcon_core.environment:checking '/home/icad/RYUGU-ROV/install/ryugu_control/bin'
[4.405s] Level 1:colcon.colcon_core.environment:create_environment_scripts_only(ryugu_control)
[4.407s] INFO:colcon.colcon_core.shell:Creating package script '/home/icad/RYUGU-ROV/install/ryugu_control/share/ryugu_control/package.ps1'
[4.412s] INFO:colcon.colcon_core.shell:Creating package descriptor '/home/icad/RYUGU-ROV/install/ryugu_control/share/ryugu_control/package.dsv'
[4.415s] INFO:colcon.colcon_core.shell:Creating package script '/home/icad/RYUGU-ROV/install/ryugu_control/share/ryugu_control/package.sh'
[4.418s] INFO:colcon.colcon_core.shell:Creating package script '/home/icad/RYUGU-ROV/install/ryugu_control/share/ryugu_control/package.bash'
[4.421s] INFO:colcon.colcon_core.shell:Creating package script '/home/icad/RYUGU-ROV/install/ryugu_control/share/ryugu_control/package.zsh'
[4.424s] Level 1:colcon.colcon_core.environment:create_file_with_runtime_dependencies(/home/icad/RYUGU-ROV/install/ryugu_control/share/colcon-core/packages/ryugu_control)
[4.425s] DEBUG:colcon.colcon_parallel_executor.executor.parallel:closing loop
[4.426s] DEBUG:colcon.colcon_parallel_executor.executor.parallel:loop closed
[4.427s] DEBUG:colcon.colcon_parallel_executor.executor.parallel:run_until_complete finished with '0'
[4.427s] DEBUG:colcon.colcon_core.event_reactor:joining thread
[4.447s] INFO:colcon.colcon_core.plugin_system:Skipping extension 'colcon_notification.desktop_notification.terminal_notifier': Not used on non-Darwin systems
[4.448s] INFO:colcon.colcon_core.plugin_system:Skipping extension 'colcon_notification.desktop_notification.win32': Not used on non-Windows systems
[4.448s] INFO:colcon.colcon_notification.desktop_notification:Sending desktop notification using 'notify2'
[4.494s] DEBUG:colcon.colcon_core.event_reactor:joined thread
[4.496s] INFO:colcon.colcon_core.shell:Creating prefix script '/home/icad/RYUGU-ROV/install/local_setup.ps1'
[4.499s] INFO:colcon.colcon_core.shell:Creating prefix util module '/home/icad/RYUGU-ROV/install/_local_setup_util_ps1.py'
[4.504s] INFO:colcon.colcon_core.shell:Creating prefix chain script '/home/icad/RYUGU-ROV/install/setup.ps1'
[4.507s] INFO:colcon.colcon_core.shell:Creating prefix script '/home/icad/RYUGU-ROV/install/local_setup.sh'
[4.509s] INFO:colcon.colcon_core.shell:Creating prefix util module '/home/icad/RYUGU-ROV/install/_local_setup_util_sh.py'
[4.510s] INFO:colcon.colcon_core.shell:Creating prefix chain script '/home/icad/RYUGU-ROV/install/setup.sh'
[4.513s] INFO:colcon.colcon_core.shell:Creating prefix script '/home/icad/RYUGU-ROV/install/local_setup.bash'
[4.514s] INFO:colcon.colcon_core.shell:Creating prefix chain script '/home/icad/RYUGU-ROV/install/setup.bash'
[4.516s] INFO:colcon.colcon_core.shell:Creating prefix script '/home/icad/RYUGU-ROV/install/local_setup.zsh'
[4.517s] INFO:colcon.colcon_core.shell:Creating prefix chain script '/home/icad/RYUGU-ROV/install/setup.zsh'
