[2.243s] Invoking command in '/home/icad/RYUGU-ROV/build/ryugu_control': PYTHONPATH=/home/icad/RYUGU-ROV/build/ryugu_control/prefix_override:/usr/lib/python3/dist-packages/colcon_core/task/python/colcon_distutils_commands:/home/icad/RYUGU-ROV/install/ryugu_control/lib/python3.10/site-packages:${PYTHONPATH} /usr/bin/python3 -W ignore:setup.py install is deprecated -W ignore:easy_install command is deprecated setup.py develop --editable --build-directory /home/icad/RYUGU-ROV/build/ryugu_control/build --no-deps symlink_data
[2.855s] running develop
[3.241s] running egg_info
[3.241s] writing ryugu_control.egg-info/PKG-INFO
[3.241s] writing dependency_links to ryugu_control.egg-info/dependency_links.txt
[3.242s] writing entry points to ryugu_control.egg-info/entry_points.txt
[3.242s] writing requirements to ryugu_control.egg-info/requires.txt
[3.243s] writing top-level names to ryugu_control.egg-info/top_level.txt
[3.247s] reading manifest file 'ryugu_control.egg-info/SOURCES.txt'
[3.249s] writing manifest file 'ryugu_control.egg-info/SOURCES.txt'
[3.253s] running build_ext
[3.253s] Creating /home/icad/RYUGU-ROV/install/ryugu_control/lib/python3.10/site-packages/ryugu-control.egg-link (link to .)
[3.256s] Installing gcs_bridge_node script to /home/icad/RYUGU-ROV/install/ryugu_control/lib/ryugu_control
[3.256s] Installing test_arming_mode script to /home/icad/RYUGU-ROV/install/ryugu_control/lib/ryugu_control
[3.257s] Installing test_sensor_reader script to /home/icad/RYUGU-ROV/install/ryugu_control/lib/ryugu_control
[3.257s] Installing test_thrusters_gripper script to /home/icad/RYUGU-ROV/install/ryugu_control/lib/ryugu_control
[3.257s] Installing webcam_streamer script to /home/icad/RYUGU-ROV/install/ryugu_control/lib/ryugu_control
[3.258s] 
[3.258s] Installed /home/icad/RYUGU-ROV/build/ryugu_control
[3.258s] running symlink_data
[3.258s] symbolically linking /home/icad/RYUGU-ROV/build/ryugu_control/launch/ryugu_GoProduction_QGC.launch.py -> /home/icad/RYUGU-ROV/install/ryugu_control/share/ryugu_control/launch
[3.342s] Invoked command in '/home/icad/RYUGU-ROV/build/ryugu_control' returned '0': PYTHONPATH=/home/icad/RYUGU-ROV/build/ryugu_control/prefix_override:/usr/lib/python3/dist-packages/colcon_core/task/python/colcon_distutils_commands:/home/icad/RYUGU-ROV/install/ryugu_control/lib/python3.10/site-packages:${PYTHONPATH} /usr/bin/python3 -W ignore:setup.py install is deprecated -W ignore:easy_install command is deprecated setup.py develop --editable --build-directory /home/icad/RYUGU-ROV/build/ryugu_control/build --no-deps symlink_data
