[0.298s] DEBUG:colcon:Command line arguments: ['/usr/bin/colcon', 'build', '--packages-select', 'ryugu_control']
[0.298s] DEBUG:colcon:Parsed command line arguments: Namespace(log_base=None, log_level=None, verb_name='build', build_base='build', install_base='install', merge_install=False, symlink_install=False, test_result_base=None, continue_on_error=False, executor='parallel', parallel_workers=6, event_handlers=None, ignore_user_meta=False, metas=['./colcon.meta'], base_paths=['.'], packages_ignore=None, packages_ignore_regex=None, paths=None, packages_up_to=None, packages_up_to_regex=None, packages_above=None, packages_above_and_dependencies=None, packages_above_depth=None, packages_select_by_dep=None, packages_skip_by_dep=None, packages_skip_up_to=None, packages_select_build_failed=False, packages_skip_build_finished=False, packages_select_test_failures=False, packages_skip_test_passed=False, packages_select=['ryugu_control'], packages_skip=None, packages_select_regex=None, packages_skip_regex=None, packages_start=None, packages_end=None, allow_overriding=[], cmake_args=None, cmake_target=None, cmake_target_skip_unavailable=False, cmake_clean_cache=False, cmake_clean_first=False, cmake_force_configure=False, ament_cmake_args=None, catkin_cmake_args=None, catkin_skip_building_tests=False, mixin_files=None, mixin=None, verb_parser=<colcon_mixin.mixin.mixin_argument.MixinArgumentDecorator object at 0xffff953be3b0>, verb_extension=<colcon_core.verb.build.BuildVerb object at 0xffff9557b640>, main=<bound method BuildVerb.main of <colcon_core.verb.build.BuildVerb object at 0xffff9557b640>>, mixin_verb=('build',))
[0.719s] Level 1:colcon.colcon_core.package_discovery:discover_packages(colcon_meta) check parameters
[0.720s] Level 1:colcon.colcon_core.package_discovery:discover_packages(recursive) check parameters
[0.720s] Level 1:colcon.colcon_core.package_discovery:discover_packages(ignore) check parameters
[0.720s] Level 1:colcon.colcon_core.package_discovery:discover_packages(path) check parameters
[0.721s] Level 1:colcon.colcon_core.package_discovery:discover_packages(colcon_meta) discover
[0.721s] Level 1:colcon.colcon_core.package_discovery:discover_packages(recursive) discover
[0.721s] INFO:colcon.colcon_core.package_discovery:Crawling recursively for packages in '/home/icad/RYUGU-ROV'
[0.722s] Level 1:colcon.colcon_core.package_identification:_identify(.) by extensions ['ignore', 'ignore_ament_install']
[0.722s] Level 1:colcon.colcon_core.package_identification:_identify(.) by extension 'ignore'
[0.722s] Level 1:colcon.colcon_core.package_identification:_identify(.) by extension 'ignore_ament_install'
[0.722s] Level 1:colcon.colcon_core.package_identification:_identify(.) by extensions ['colcon_pkg']
[0.723s] Level 1:colcon.colcon_core.package_identification:_identify(.) by extension 'colcon_pkg'
[0.723s] Level 1:colcon.colcon_core.package_identification:_identify(.) by extensions ['colcon_meta']
[0.723s] Level 1:colcon.colcon_core.package_identification:_identify(.) by extension 'colcon_meta'
[0.723s] Level 1:colcon.colcon_core.package_identification:_identify(.) by extensions ['ros']
[0.723s] Level 1:colcon.colcon_core.package_identification:_identify(.) by extension 'ros'
[0.749s] Level 1:colcon.colcon_core.package_identification:_identify(.) by extensions ['cmake', 'python']
[0.749s] Level 1:colcon.colcon_core.package_identification:_identify(.) by extension 'cmake'
[0.749s] Level 1:colcon.colcon_core.package_identification:_identify(.) by extension 'python'
[0.750s] Level 1:colcon.colcon_core.package_identification:_identify(.) by extensions ['python_setup_py']
[0.750s] Level 1:colcon.colcon_core.package_identification:_identify(.) by extension 'python_setup_py'
[0.750s] Level 1:colcon.colcon_core.package_identification:_identify(build) by extensions ['ignore', 'ignore_ament_install']
[0.751s] Level 1:colcon.colcon_core.package_identification:_identify(build) by extension 'ignore'
[0.751s] Level 1:colcon.colcon_core.package_identification:_identify(build) ignored
[0.751s] Level 1:colcon.colcon_core.package_identification:_identify(install) by extensions ['ignore', 'ignore_ament_install']
[0.752s] Level 1:colcon.colcon_core.package_identification:_identify(install) by extension 'ignore'
[0.752s] Level 1:colcon.colcon_core.package_identification:_identify(install) ignored
[0.752s] Level 1:colcon.colcon_core.package_identification:_identify(log) by extensions ['ignore', 'ignore_ament_install']
[0.753s] Level 1:colcon.colcon_core.package_identification:_identify(log) by extension 'ignore'
[0.753s] Level 1:colcon.colcon_core.package_identification:_identify(log) ignored
[0.753s] Level 1:colcon.colcon_core.package_identification:_identify(src) by extensions ['ignore', 'ignore_ament_install']
[0.753s] Level 1:colcon.colcon_core.package_identification:_identify(src) by extension 'ignore'
[0.754s] Level 1:colcon.colcon_core.package_identification:_identify(src) by extension 'ignore_ament_install'
[0.754s] Level 1:colcon.colcon_core.package_identification:_identify(src) by extensions ['colcon_pkg']
[0.754s] Level 1:colcon.colcon_core.package_identification:_identify(src) by extension 'colcon_pkg'
[0.754s] Level 1:colcon.colcon_core.package_identification:_identify(src) by extensions ['colcon_meta']
[0.755s] Level 1:colcon.colcon_core.package_identification:_identify(src) by extension 'colcon_meta'
[0.755s] Level 1:colcon.colcon_core.package_identification:_identify(src) by extensions ['ros']
[0.755s] Level 1:colcon.colcon_core.package_identification:_identify(src) by extension 'ros'
[0.755s] Level 1:colcon.colcon_core.package_identification:_identify(src) by extensions ['cmake', 'python']
[0.755s] Level 1:colcon.colcon_core.package_identification:_identify(src) by extension 'cmake'
[0.756s] Level 1:colcon.colcon_core.package_identification:_identify(src) by extension 'python'
[0.756s] Level 1:colcon.colcon_core.package_identification:_identify(src) by extensions ['python_setup_py']
[0.756s] Level 1:colcon.colcon_core.package_identification:_identify(src) by extension 'python_setup_py'
[0.756s] Level 1:colcon.colcon_core.package_identification:_identify(src/ryugu_control) by extensions ['ignore', 'ignore_ament_install']
[0.757s] Level 1:colcon.colcon_core.package_identification:_identify(src/ryugu_control) by extension 'ignore'
[0.757s] Level 1:colcon.colcon_core.package_identification:_identify(src/ryugu_control) by extension 'ignore_ament_install'
[0.757s] Level 1:colcon.colcon_core.package_identification:_identify(src/ryugu_control) by extensions ['colcon_pkg']
[0.757s] Level 1:colcon.colcon_core.package_identification:_identify(src/ryugu_control) by extension 'colcon_pkg'
[0.758s] Level 1:colcon.colcon_core.package_identification:_identify(src/ryugu_control) by extensions ['colcon_meta']
[0.758s] Level 1:colcon.colcon_core.package_identification:_identify(src/ryugu_control) by extension 'colcon_meta'
[0.758s] Level 1:colcon.colcon_core.package_identification:_identify(src/ryugu_control) by extensions ['ros']
[0.758s] Level 1:colcon.colcon_core.package_identification:_identify(src/ryugu_control) by extension 'ros'
[0.765s] DEBUG:colcon.colcon_core.package_identification:Package 'src/ryugu_control' with type 'ros.ament_python' and name 'ryugu_control'
[0.765s] Level 1:colcon.colcon_core.package_identification:_identify(tests) by extensions ['ignore', 'ignore_ament_install']
[0.766s] Level 1:colcon.colcon_core.package_identification:_identify(tests) by extension 'ignore'
[0.766s] Level 1:colcon.colcon_core.package_identification:_identify(tests) by extension 'ignore_ament_install'
[0.766s] Level 1:colcon.colcon_core.package_identification:_identify(tests) by extensions ['colcon_pkg']
[0.766s] Level 1:colcon.colcon_core.package_identification:_identify(tests) by extension 'colcon_pkg'
[0.767s] Level 1:colcon.colcon_core.package_identification:_identify(tests) by extensions ['colcon_meta']
[0.767s] Level 1:colcon.colcon_core.package_identification:_identify(tests) by extension 'colcon_meta'
[0.767s] Level 1:colcon.colcon_core.package_identification:_identify(tests) by extensions ['ros']
[0.767s] Level 1:colcon.colcon_core.package_identification:_identify(tests) by extension 'ros'
[0.768s] Level 1:colcon.colcon_core.package_identification:_identify(tests) by extensions ['cmake', 'python']
[0.768s] Level 1:colcon.colcon_core.package_identification:_identify(tests) by extension 'cmake'
[0.768s] Level 1:colcon.colcon_core.package_identification:_identify(tests) by extension 'python'
[0.768s] Level 1:colcon.colcon_core.package_identification:_identify(tests) by extensions ['python_setup_py']
[0.768s] Level 1:colcon.colcon_core.package_identification:_identify(tests) by extension 'python_setup_py'
[0.769s] Level 1:colcon.colcon_core.package_identification:_identify(tests/comm) by extensions ['ignore', 'ignore_ament_install']
[0.769s] Level 1:colcon.colcon_core.package_identification:_identify(tests/comm) by extension 'ignore'
[0.769s] Level 1:colcon.colcon_core.package_identification:_identify(tests/comm) by extension 'ignore_ament_install'
[0.770s] Level 1:colcon.colcon_core.package_identification:_identify(tests/comm) by extensions ['colcon_pkg']
[0.770s] Level 1:colcon.colcon_core.package_identification:_identify(tests/comm) by extension 'colcon_pkg'
[0.770s] Level 1:colcon.colcon_core.package_identification:_identify(tests/comm) by extensions ['colcon_meta']
[0.770s] Level 1:colcon.colcon_core.package_identification:_identify(tests/comm) by extension 'colcon_meta'
[0.770s] Level 1:colcon.colcon_core.package_identification:_identify(tests/comm) by extensions ['ros']
[0.771s] Level 1:colcon.colcon_core.package_identification:_identify(tests/comm) by extension 'ros'
[0.771s] Level 1:colcon.colcon_core.package_identification:_identify(tests/comm) by extensions ['cmake', 'python']
[0.771s] Level 1:colcon.colcon_core.package_identification:_identify(tests/comm) by extension 'cmake'
[0.771s] Level 1:colcon.colcon_core.package_identification:_identify(tests/comm) by extension 'python'
[0.772s] Level 1:colcon.colcon_core.package_identification:_identify(tests/comm) by extensions ['python_setup_py']
[0.772s] Level 1:colcon.colcon_core.package_identification:_identify(tests/comm) by extension 'python_setup_py'
[0.772s] Level 1:colcon.colcon_core.package_identification:_identify(tests/streaming) by extensions ['ignore', 'ignore_ament_install']
[0.772s] Level 1:colcon.colcon_core.package_identification:_identify(tests/streaming) by extension 'ignore'
[0.773s] Level 1:colcon.colcon_core.package_identification:_identify(tests/streaming) by extension 'ignore_ament_install'
[0.773s] Level 1:colcon.colcon_core.package_identification:_identify(tests/streaming) by extensions ['colcon_pkg']
[0.773s] Level 1:colcon.colcon_core.package_identification:_identify(tests/streaming) by extension 'colcon_pkg'
[0.773s] Level 1:colcon.colcon_core.package_identification:_identify(tests/streaming) by extensions ['colcon_meta']
[0.774s] Level 1:colcon.colcon_core.package_identification:_identify(tests/streaming) by extension 'colcon_meta'
[0.774s] Level 1:colcon.colcon_core.package_identification:_identify(tests/streaming) by extensions ['ros']
[0.774s] Level 1:colcon.colcon_core.package_identification:_identify(tests/streaming) by extension 'ros'
[0.774s] Level 1:colcon.colcon_core.package_identification:_identify(tests/streaming) by extensions ['cmake', 'python']
[0.774s] Level 1:colcon.colcon_core.package_identification:_identify(tests/streaming) by extension 'cmake'
[0.775s] Level 1:colcon.colcon_core.package_identification:_identify(tests/streaming) by extension 'python'
[0.775s] Level 1:colcon.colcon_core.package_identification:_identify(tests/streaming) by extensions ['python_setup_py']
[0.775s] Level 1:colcon.colcon_core.package_identification:_identify(tests/streaming) by extension 'python_setup_py'
[0.775s] Level 1:colcon.colcon_core.package_discovery:discover_packages(recursive) using defaults
[0.776s] Level 1:colcon.colcon_core.package_discovery:discover_packages(ignore) discover
[0.776s] Level 1:colcon.colcon_core.package_discovery:discover_packages(ignore) using defaults
[0.776s] Level 1:colcon.colcon_core.package_discovery:discover_packages(path) discover
[0.776s] Level 1:colcon.colcon_core.package_discovery:discover_packages(path) using defaults
[0.858s] Level 1:colcon.colcon_core.package_discovery:discover_packages(prefix_path) check parameters
[0.858s] Level 1:colcon.colcon_core.package_discovery:discover_packages(prefix_path) discover
[0.863s] DEBUG:colcon.colcon_installed_package_information.package_discovery:Found 1 installed packages in /home/icad/RYUGU-ROV/install
[0.866s] DEBUG:colcon.colcon_installed_package_information.package_discovery:Found 280 installed packages in /opt/ros/humble
[0.869s] Level 1:colcon.colcon_core.package_discovery:discover_packages(prefix_path) using defaults
[0.962s] Level 5:colcon.colcon_core.verb:set package 'ryugu_control' build argument 'cmake_args' from command line to 'None'
[0.962s] Level 5:colcon.colcon_core.verb:set package 'ryugu_control' build argument 'cmake_target' from command line to 'None'
[0.962s] Level 5:colcon.colcon_core.verb:set package 'ryugu_control' build argument 'cmake_target_skip_unavailable' from command line to 'False'
[0.963s] Level 5:colcon.colcon_core.verb:set package 'ryugu_control' build argument 'cmake_clean_cache' from command line to 'False'
[0.963s] Level 5:colcon.colcon_core.verb:set package 'ryugu_control' build argument 'cmake_clean_first' from command line to 'False'
[0.963s] Level 5:colcon.colcon_core.verb:set package 'ryugu_control' build argument 'cmake_force_configure' from command line to 'False'
[0.963s] Level 5:colcon.colcon_core.verb:set package 'ryugu_control' build argument 'ament_cmake_args' from command line to 'None'
[0.963s] Level 5:colcon.colcon_core.verb:set package 'ryugu_control' build argument 'catkin_cmake_args' from command line to 'None'
[0.964s] Level 5:colcon.colcon_core.verb:set package 'ryugu_control' build argument 'catkin_skip_building_tests' from command line to 'False'
[0.964s] DEBUG:colcon.colcon_core.verb:Building package 'ryugu_control' with the following arguments: {'ament_cmake_args': None, 'build_base': '/home/icad/RYUGU-ROV/build/ryugu_control', 'catkin_cmake_args': None, 'catkin_skip_building_tests': False, 'cmake_args': None, 'cmake_clean_cache': False, 'cmake_clean_first': False, 'cmake_force_configure': False, 'cmake_target': None, 'cmake_target_skip_unavailable': False, 'install_base': '/home/icad/RYUGU-ROV/install/ryugu_control', 'merge_install': False, 'path': '/home/icad/RYUGU-ROV/src/ryugu_control', 'symlink_install': False, 'test_result_base': None}
[0.964s] INFO:colcon.colcon_core.executor:Executing jobs using 'parallel' executor
[0.970s] DEBUG:colcon.colcon_parallel_executor.executor.parallel:run_until_complete
[0.971s] INFO:colcon.colcon_ros.task.ament_python.build:Building ROS package in '/home/icad/RYUGU-ROV/src/ryugu_control' with build type 'ament_python'
[0.972s] Level 1:colcon.colcon_core.shell:create_environment_hook('ryugu_control', 'ament_prefix_path')
[0.977s] INFO:colcon.colcon_core.plugin_system:Skipping extension 'colcon_core.shell.bat': Not used on non-Windows systems
[0.977s] INFO:colcon.colcon_core.shell:Creating environment hook '/home/icad/RYUGU-ROV/install/ryugu_control/share/ryugu_control/hook/ament_prefix_path.ps1'
[0.982s] INFO:colcon.colcon_core.shell:Creating environment descriptor '/home/icad/RYUGU-ROV/install/ryugu_control/share/ryugu_control/hook/ament_prefix_path.dsv'
[0.983s] INFO:colcon.colcon_core.shell:Creating environment hook '/home/icad/RYUGU-ROV/install/ryugu_control/share/ryugu_control/hook/ament_prefix_path.sh'
[0.985s] INFO:colcon.colcon_core.shell:Skip shell extension 'powershell' for command environment: Not usable outside of PowerShell
[0.985s] DEBUG:colcon.colcon_core.shell:Skip shell extension 'dsv' for command environment
[1.649s] INFO:colcon.colcon_core.task.python.build:Building Python package in '/home/icad/RYUGU-ROV/src/ryugu_control'
[1.650s] INFO:colcon.colcon_core.shell:Skip shell extension 'powershell' for command environment: Not usable outside of PowerShell
[1.650s] DEBUG:colcon.colcon_core.shell:Skip shell extension 'dsv' for command environment
[2.467s] DEBUG:colcon.colcon_core.task.python.build:Available setuptools commands: build_ext, develop, bdist, build_clib, setopt, build_scripts, clean, check, install_scripts, saveopts, bdist_wheel, easy_install, bdist_dumb, bdist_rpm, test, dist_info, upload, symlink_data, install_egg_info, egg_info, install_headers, alias, bdist_egg, rotate, install, install_data, register, build, upload_docs, install_lib, build_py, sdist
[2.475s] DEBUG:colcon.colcon_core.event_handler.log_command:Invoking command in '/home/icad/RYUGU-ROV/build/ryugu_control': PYTHONPATH=/home/icad/RYUGU-ROV/build/ryugu_control/prefix_override:/usr/lib/python3/dist-packages/colcon_core/task/python/colcon_distutils_commands:/home/icad/RYUGU-ROV/install/ryugu_control/lib/python3.10/site-packages:${PYTHONPATH} /usr/bin/python3 -W ignore:setup.py install is deprecated -W ignore:easy_install command is deprecated setup.py develop --uninstall --editable --build-directory /home/icad/RYUGU-ROV/build/ryugu_control/build
[3.602s] DEBUG:colcon.colcon_core.event_handler.log_command:Invoked command in '/home/icad/RYUGU-ROV/build/ryugu_control' returned '0': PYTHONPATH=/home/icad/RYUGU-ROV/build/ryugu_control/prefix_override:/usr/lib/python3/dist-packages/colcon_core/task/python/colcon_distutils_commands:/home/icad/RYUGU-ROV/install/ryugu_control/lib/python3.10/site-packages:${PYTHONPATH} /usr/bin/python3 -W ignore:setup.py install is deprecated -W ignore:easy_install command is deprecated setup.py develop --uninstall --editable --build-directory /home/icad/RYUGU-ROV/build/ryugu_control/build
[3.604s] DEBUG:colcon.colcon_core.event_handler.log_command:Invoking command in '/home/icad/RYUGU-ROV/src/ryugu_control': PYTHONPATH=/home/icad/RYUGU-ROV/build/ryugu_control/prefix_override:/usr/lib/python3/dist-packages/colcon_core/task/python/colcon_distutils_commands:/home/icad/RYUGU-ROV/install/ryugu_control/lib/python3.10/site-packages:${PYTHONPATH} /usr/bin/python3 -W ignore:setup.py install is deprecated -W ignore:easy_install command is deprecated setup.py egg_info --egg-base ../../build/ryugu_control build --build-base /home/icad/RYUGU-ROV/build/ryugu_control/build install --record /home/icad/RYUGU-ROV/build/ryugu_control/install.log --install-scripts $base/lib/ryugu_control --single-version-externally-managed install_data --force
[4.391s] DEBUG:colcon.colcon_core.event_handler.log_command:Invoked command in '/home/icad/RYUGU-ROV/src/ryugu_control' returned '0': PYTHONPATH=/home/icad/RYUGU-ROV/build/ryugu_control/prefix_override:/usr/lib/python3/dist-packages/colcon_core/task/python/colcon_distutils_commands:/home/icad/RYUGU-ROV/install/ryugu_control/lib/python3.10/site-packages:${PYTHONPATH} /usr/bin/python3 -W ignore:setup.py install is deprecated -W ignore:easy_install command is deprecated setup.py egg_info --egg-base ../../build/ryugu_control build --build-base /home/icad/RYUGU-ROV/build/ryugu_control/build install --record /home/icad/RYUGU-ROV/build/ryugu_control/install.log --install-scripts $base/lib/ryugu_control --single-version-externally-managed install_data --force
[4.400s] Level 1:colcon.colcon_core.environment:checking '/home/icad/RYUGU-ROV/install/ryugu_control' for CMake module files
[4.401s] Level 1:colcon.colcon_core.environment:checking '/home/icad/RYUGU-ROV/install/ryugu_control' for CMake config files
[4.404s] Level 1:colcon.colcon_core.environment:checking '/home/icad/RYUGU-ROV/install/ryugu_control/lib'
[4.405s] Level 1:colcon.colcon_core.environment:checking '/home/icad/RYUGU-ROV/install/ryugu_control/bin'
[4.405s] Level 1:colcon.colcon_core.environment:checking '/home/icad/RYUGU-ROV/install/ryugu_control/lib/pkgconfig/ryugu_control.pc'
[4.406s] Level 1:colcon.colcon_core.environment:checking '/home/icad/RYUGU-ROV/install/ryugu_control/lib/python3.10/site-packages'
[4.406s] Level 1:colcon.colcon_core.shell:create_environment_hook('ryugu_control', 'pythonpath')
[4.407s] INFO:colcon.colcon_core.shell:Creating environment hook '/home/icad/RYUGU-ROV/install/ryugu_control/share/ryugu_control/hook/pythonpath.ps1'
[4.409s] INFO:colcon.colcon_core.shell:Creating environment descriptor '/home/icad/RYUGU-ROV/install/ryugu_control/share/ryugu_control/hook/pythonpath.dsv'
[4.411s] INFO:colcon.colcon_core.shell:Creating environment hook '/home/icad/RYUGU-ROV/install/ryugu_control/share/ryugu_control/hook/pythonpath.sh'
[4.414s] Level 1:colcon.colcon_core.environment:checking '/home/icad/RYUGU-ROV/install/ryugu_control/bin'
[4.414s] Level 1:colcon.colcon_core.environment:create_environment_scripts_only(ryugu_control)
[4.415s] INFO:colcon.colcon_core.shell:Creating package script '/home/icad/RYUGU-ROV/install/ryugu_control/share/ryugu_control/package.ps1'
[4.420s] INFO:colcon.colcon_core.shell:Creating package descriptor '/home/icad/RYUGU-ROV/install/ryugu_control/share/ryugu_control/package.dsv'
[4.422s] INFO:colcon.colcon_core.shell:Creating package script '/home/icad/RYUGU-ROV/install/ryugu_control/share/ryugu_control/package.sh'
[4.425s] INFO:colcon.colcon_core.shell:Creating package script '/home/icad/RYUGU-ROV/install/ryugu_control/share/ryugu_control/package.bash'
[4.428s] INFO:colcon.colcon_core.shell:Creating package script '/home/icad/RYUGU-ROV/install/ryugu_control/share/ryugu_control/package.zsh'
[4.430s] Level 1:colcon.colcon_core.environment:create_file_with_runtime_dependencies(/home/icad/RYUGU-ROV/install/ryugu_control/share/colcon-core/packages/ryugu_control)
[4.433s] DEBUG:colcon.colcon_parallel_executor.executor.parallel:closing loop
[4.434s] DEBUG:colcon.colcon_parallel_executor.executor.parallel:loop closed
[4.434s] DEBUG:colcon.colcon_parallel_executor.executor.parallel:run_until_complete finished with '0'
[4.435s] DEBUG:colcon.colcon_core.event_reactor:joining thread
[4.452s] INFO:colcon.colcon_core.plugin_system:Skipping extension 'colcon_notification.desktop_notification.terminal_notifier': Not used on non-Darwin systems
[4.453s] INFO:colcon.colcon_core.plugin_system:Skipping extension 'colcon_notification.desktop_notification.win32': Not used on non-Windows systems
[4.453s] INFO:colcon.colcon_notification.desktop_notification:Sending desktop notification using 'notify2'
[4.507s] DEBUG:colcon.colcon_core.event_reactor:joined thread
[4.508s] INFO:colcon.colcon_core.shell:Creating prefix script '/home/icad/RYUGU-ROV/install/local_setup.ps1'
[4.512s] INFO:colcon.colcon_core.shell:Creating prefix util module '/home/icad/RYUGU-ROV/install/_local_setup_util_ps1.py'
[4.518s] INFO:colcon.colcon_core.shell:Creating prefix chain script '/home/icad/RYUGU-ROV/install/setup.ps1'
[4.522s] INFO:colcon.colcon_core.shell:Creating prefix script '/home/icad/RYUGU-ROV/install/local_setup.sh'
[4.525s] INFO:colcon.colcon_core.shell:Creating prefix util module '/home/icad/RYUGU-ROV/install/_local_setup_util_sh.py'
[4.527s] INFO:colcon.colcon_core.shell:Creating prefix chain script '/home/icad/RYUGU-ROV/install/setup.sh'
[4.531s] INFO:colcon.colcon_core.shell:Creating prefix script '/home/icad/RYUGU-ROV/install/local_setup.bash'
[4.533s] INFO:colcon.colcon_core.shell:Creating prefix chain script '/home/icad/RYUGU-ROV/install/setup.bash'
[4.536s] INFO:colcon.colcon_core.shell:Creating prefix script '/home/icad/RYUGU-ROV/install/local_setup.zsh'
[4.537s] INFO:colcon.colcon_core.shell:Creating prefix chain script '/home/icad/RYUGU-ROV/install/setup.zsh'
