[0.323s] DEBUG:colcon:Command line arguments: ['/usr/bin/colcon', 'build', '--symlink-install']
[0.323s] DEBUG:colcon:Parsed command line arguments: Namespace(log_base=None, log_level=None, verb_name='build', build_base='build', install_base='install', merge_install=False, symlink_install=True, test_result_base=None, continue_on_error=False, executor='parallel', parallel_workers=6, event_handlers=None, ignore_user_meta=False, metas=['./colcon.meta'], base_paths=['.'], packages_ignore=None, packages_ignore_regex=None, paths=None, packages_up_to=None, packages_up_to_regex=None, packages_above=None, packages_above_and_dependencies=None, packages_above_depth=None, packages_select_by_dep=None, packages_skip_by_dep=None, packages_skip_up_to=None, packages_select_build_failed=False, packages_skip_build_finished=False, packages_select_test_failures=False, packages_skip_test_passed=False, packages_select=None, packages_skip=None, packages_select_regex=None, packages_skip_regex=None, packages_start=None, packages_end=None, allow_overriding=[], cmake_args=None, cmake_target=None, cmake_target_skip_unavailable=False, cmake_clean_cache=False, cmake_clean_first=False, cmake_force_configure=False, ament_cmake_args=None, catkin_cmake_args=None, catkin_skip_building_tests=False, mixin_files=None, mixin=None, verb_parser=<colcon_mixin.mixin.mixin_argument.MixinArgumentDecorator object at 0xffffa903e3e0>, verb_extension=<colcon_core.verb.build.BuildVerb object at 0xffffa91fb670>, main=<bound method BuildVerb.main of <colcon_core.verb.build.BuildVerb object at 0xffffa91fb670>>, mixin_verb=('build',))
[0.829s] Level 1:colcon.colcon_core.package_discovery:discover_packages(colcon_meta) check parameters
[0.829s] Level 1:colcon.colcon_core.package_discovery:discover_packages(recursive) check parameters
[0.829s] Level 1:colcon.colcon_core.package_discovery:discover_packages(ignore) check parameters
[0.830s] Level 1:colcon.colcon_core.package_discovery:discover_packages(path) check parameters
[0.830s] Level 1:colcon.colcon_core.package_discovery:discover_packages(colcon_meta) discover
[0.830s] Level 1:colcon.colcon_core.package_discovery:discover_packages(recursive) discover
[0.830s] INFO:colcon.colcon_core.package_discovery:Crawling recursively for packages in '/home/icad/RYUGU-ROV'
[0.830s] Level 1:colcon.colcon_core.package_identification:_identify(.) by extensions ['ignore', 'ignore_ament_install']
[0.830s] Level 1:colcon.colcon_core.package_identification:_identify(.) by extension 'ignore'
[0.831s] Level 1:colcon.colcon_core.package_identification:_identify(.) by extension 'ignore_ament_install'
[0.831s] Level 1:colcon.colcon_core.package_identification:_identify(.) by extensions ['colcon_pkg']
[0.831s] Level 1:colcon.colcon_core.package_identification:_identify(.) by extension 'colcon_pkg'
[0.831s] Level 1:colcon.colcon_core.package_identification:_identify(.) by extensions ['colcon_meta']
[0.831s] Level 1:colcon.colcon_core.package_identification:_identify(.) by extension 'colcon_meta'
[0.831s] Level 1:colcon.colcon_core.package_identification:_identify(.) by extensions ['ros']
[0.831s] Level 1:colcon.colcon_core.package_identification:_identify(.) by extension 'ros'
[0.857s] Level 1:colcon.colcon_core.package_identification:_identify(.) by extensions ['cmake', 'python']
[0.857s] Level 1:colcon.colcon_core.package_identification:_identify(.) by extension 'cmake'
[0.858s] Level 1:colcon.colcon_core.package_identification:_identify(.) by extension 'python'
[0.858s] Level 1:colcon.colcon_core.package_identification:_identify(.) by extensions ['python_setup_py']
[0.858s] Level 1:colcon.colcon_core.package_identification:_identify(.) by extension 'python_setup_py'
[0.858s] Level 1:colcon.colcon_core.package_identification:_identify(build) by extensions ['ignore', 'ignore_ament_install']
[0.858s] Level 1:colcon.colcon_core.package_identification:_identify(build) by extension 'ignore'
[0.859s] Level 1:colcon.colcon_core.package_identification:_identify(build) ignored
[0.859s] Level 1:colcon.colcon_core.package_identification:_identify(install) by extensions ['ignore', 'ignore_ament_install']
[0.859s] Level 1:colcon.colcon_core.package_identification:_identify(install) by extension 'ignore'
[0.859s] Level 1:colcon.colcon_core.package_identification:_identify(install) ignored
[0.860s] Level 1:colcon.colcon_core.package_identification:_identify(log) by extensions ['ignore', 'ignore_ament_install']
[0.860s] Level 1:colcon.colcon_core.package_identification:_identify(log) by extension 'ignore'
[0.860s] Level 1:colcon.colcon_core.package_identification:_identify(log) ignored
[0.860s] Level 1:colcon.colcon_core.package_identification:_identify(src) by extensions ['ignore', 'ignore_ament_install']
[0.860s] Level 1:colcon.colcon_core.package_identification:_identify(src) by extension 'ignore'
[0.860s] Level 1:colcon.colcon_core.package_identification:_identify(src) by extension 'ignore_ament_install'
[0.861s] Level 1:colcon.colcon_core.package_identification:_identify(src) by extensions ['colcon_pkg']
[0.861s] Level 1:colcon.colcon_core.package_identification:_identify(src) by extension 'colcon_pkg'
[0.861s] Level 1:colcon.colcon_core.package_identification:_identify(src) by extensions ['colcon_meta']
[0.861s] Level 1:colcon.colcon_core.package_identification:_identify(src) by extension 'colcon_meta'
[0.861s] Level 1:colcon.colcon_core.package_identification:_identify(src) by extensions ['ros']
[0.861s] Level 1:colcon.colcon_core.package_identification:_identify(src) by extension 'ros'
[0.861s] Level 1:colcon.colcon_core.package_identification:_identify(src) by extensions ['cmake', 'python']
[0.861s] Level 1:colcon.colcon_core.package_identification:_identify(src) by extension 'cmake'
[0.862s] Level 1:colcon.colcon_core.package_identification:_identify(src) by extension 'python'
[0.862s] Level 1:colcon.colcon_core.package_identification:_identify(src) by extensions ['python_setup_py']
[0.862s] Level 1:colcon.colcon_core.package_identification:_identify(src) by extension 'python_setup_py'
[0.862s] Level 1:colcon.colcon_core.package_identification:_identify(src/ryugu_control) by extensions ['ignore', 'ignore_ament_install']
[0.862s] Level 1:colcon.colcon_core.package_identification:_identify(src/ryugu_control) by extension 'ignore'
[0.862s] Level 1:colcon.colcon_core.package_identification:_identify(src/ryugu_control) by extension 'ignore_ament_install'
[0.863s] Level 1:colcon.colcon_core.package_identification:_identify(src/ryugu_control) by extensions ['colcon_pkg']
[0.863s] Level 1:colcon.colcon_core.package_identification:_identify(src/ryugu_control) by extension 'colcon_pkg'
[0.863s] Level 1:colcon.colcon_core.package_identification:_identify(src/ryugu_control) by extensions ['colcon_meta']
[0.863s] Level 1:colcon.colcon_core.package_identification:_identify(src/ryugu_control) by extension 'colcon_meta'
[0.863s] Level 1:colcon.colcon_core.package_identification:_identify(src/ryugu_control) by extensions ['ros']
[0.863s] Level 1:colcon.colcon_core.package_identification:_identify(src/ryugu_control) by extension 'ros'
[0.870s] DEBUG:colcon.colcon_core.package_identification:Package 'src/ryugu_control' with type 'ros.ament_python' and name 'ryugu_control'
[0.871s] Level 1:colcon.colcon_core.package_identification:_identify(tests) by extensions ['ignore', 'ignore_ament_install']
[0.871s] Level 1:colcon.colcon_core.package_identification:_identify(tests) by extension 'ignore'
[0.871s] Level 1:colcon.colcon_core.package_identification:_identify(tests) by extension 'ignore_ament_install'
[0.871s] Level 1:colcon.colcon_core.package_identification:_identify(tests) by extensions ['colcon_pkg']
[0.871s] Level 1:colcon.colcon_core.package_identification:_identify(tests) by extension 'colcon_pkg'
[0.872s] Level 1:colcon.colcon_core.package_identification:_identify(tests) by extensions ['colcon_meta']
[0.872s] Level 1:colcon.colcon_core.package_identification:_identify(tests) by extension 'colcon_meta'
[0.872s] Level 1:colcon.colcon_core.package_identification:_identify(tests) by extensions ['ros']
[0.872s] Level 1:colcon.colcon_core.package_identification:_identify(tests) by extension 'ros'
[0.872s] Level 1:colcon.colcon_core.package_identification:_identify(tests) by extensions ['cmake', 'python']
[0.872s] Level 1:colcon.colcon_core.package_identification:_identify(tests) by extension 'cmake'
[0.872s] Level 1:colcon.colcon_core.package_identification:_identify(tests) by extension 'python'
[0.872s] Level 1:colcon.colcon_core.package_identification:_identify(tests) by extensions ['python_setup_py']
[0.872s] Level 1:colcon.colcon_core.package_identification:_identify(tests) by extension 'python_setup_py'
[0.873s] Level 1:colcon.colcon_core.package_identification:_identify(tests/comm) by extensions ['ignore', 'ignore_ament_install']
[0.873s] Level 1:colcon.colcon_core.package_identification:_identify(tests/comm) by extension 'ignore'
[0.873s] Level 1:colcon.colcon_core.package_identification:_identify(tests/comm) by extension 'ignore_ament_install'
[0.873s] Level 1:colcon.colcon_core.package_identification:_identify(tests/comm) by extensions ['colcon_pkg']
[0.873s] Level 1:colcon.colcon_core.package_identification:_identify(tests/comm) by extension 'colcon_pkg'
[0.873s] Level 1:colcon.colcon_core.package_identification:_identify(tests/comm) by extensions ['colcon_meta']
[0.874s] Level 1:colcon.colcon_core.package_identification:_identify(tests/comm) by extension 'colcon_meta'
[0.874s] Level 1:colcon.colcon_core.package_identification:_identify(tests/comm) by extensions ['ros']
[0.874s] Level 1:colcon.colcon_core.package_identification:_identify(tests/comm) by extension 'ros'
[0.874s] Level 1:colcon.colcon_core.package_identification:_identify(tests/comm) by extensions ['cmake', 'python']
[0.874s] Level 1:colcon.colcon_core.package_identification:_identify(tests/comm) by extension 'cmake'
[0.874s] Level 1:colcon.colcon_core.package_identification:_identify(tests/comm) by extension 'python'
[0.874s] Level 1:colcon.colcon_core.package_identification:_identify(tests/comm) by extensions ['python_setup_py']
[0.874s] Level 1:colcon.colcon_core.package_identification:_identify(tests/comm) by extension 'python_setup_py'
[0.875s] Level 1:colcon.colcon_core.package_identification:_identify(tests/streaming) by extensions ['ignore', 'ignore_ament_install']
[0.875s] Level 1:colcon.colcon_core.package_identification:_identify(tests/streaming) by extension 'ignore'
[0.875s] Level 1:colcon.colcon_core.package_identification:_identify(tests/streaming) by extension 'ignore_ament_install'
[0.875s] Level 1:colcon.colcon_core.package_identification:_identify(tests/streaming) by extensions ['colcon_pkg']
[0.875s] Level 1:colcon.colcon_core.package_identification:_identify(tests/streaming) by extension 'colcon_pkg'
[0.875s] Level 1:colcon.colcon_core.package_identification:_identify(tests/streaming) by extensions ['colcon_meta']
[0.875s] Level 1:colcon.colcon_core.package_identification:_identify(tests/streaming) by extension 'colcon_meta'
[0.875s] Level 1:colcon.colcon_core.package_identification:_identify(tests/streaming) by extensions ['ros']
[0.876s] Level 1:colcon.colcon_core.package_identification:_identify(tests/streaming) by extension 'ros'
[0.876s] Level 1:colcon.colcon_core.package_identification:_identify(tests/streaming) by extensions ['cmake', 'python']
[0.876s] Level 1:colcon.colcon_core.package_identification:_identify(tests/streaming) by extension 'cmake'
[0.876s] Level 1:colcon.colcon_core.package_identification:_identify(tests/streaming) by extension 'python'
[0.876s] Level 1:colcon.colcon_core.package_identification:_identify(tests/streaming) by extensions ['python_setup_py']
[0.876s] Level 1:colcon.colcon_core.package_identification:_identify(tests/streaming) by extension 'python_setup_py'
[0.876s] Level 1:colcon.colcon_core.package_discovery:discover_packages(recursive) using defaults
[0.876s] Level 1:colcon.colcon_core.package_discovery:discover_packages(ignore) discover
[0.877s] Level 1:colcon.colcon_core.package_discovery:discover_packages(ignore) using defaults
[0.877s] Level 1:colcon.colcon_core.package_discovery:discover_packages(path) discover
[0.877s] Level 1:colcon.colcon_core.package_discovery:discover_packages(path) using defaults
[0.961s] Level 1:colcon.colcon_core.package_discovery:discover_packages(prefix_path) check parameters
[0.961s] Level 1:colcon.colcon_core.package_discovery:discover_packages(prefix_path) discover
[0.966s] DEBUG:colcon.colcon_installed_package_information.package_discovery:Found 1 installed packages in /home/icad/RYUGU-ROV/install
[0.968s] DEBUG:colcon.colcon_installed_package_information.package_discovery:Found 280 installed packages in /opt/ros/humble
[0.971s] Level 1:colcon.colcon_core.package_discovery:discover_packages(prefix_path) using defaults
[1.063s] Level 5:colcon.colcon_core.verb:set package 'ryugu_control' build argument 'cmake_args' from command line to 'None'
[1.064s] Level 5:colcon.colcon_core.verb:set package 'ryugu_control' build argument 'cmake_target' from command line to 'None'
[1.064s] Level 5:colcon.colcon_core.verb:set package 'ryugu_control' build argument 'cmake_target_skip_unavailable' from command line to 'False'
[1.064s] Level 5:colcon.colcon_core.verb:set package 'ryugu_control' build argument 'cmake_clean_cache' from command line to 'False'
[1.064s] Level 5:colcon.colcon_core.verb:set package 'ryugu_control' build argument 'cmake_clean_first' from command line to 'False'
[1.064s] Level 5:colcon.colcon_core.verb:set package 'ryugu_control' build argument 'cmake_force_configure' from command line to 'False'
[1.064s] Level 5:colcon.colcon_core.verb:set package 'ryugu_control' build argument 'ament_cmake_args' from command line to 'None'
[1.064s] Level 5:colcon.colcon_core.verb:set package 'ryugu_control' build argument 'catkin_cmake_args' from command line to 'None'
[1.064s] Level 5:colcon.colcon_core.verb:set package 'ryugu_control' build argument 'catkin_skip_building_tests' from command line to 'False'
[1.064s] DEBUG:colcon.colcon_core.verb:Building package 'ryugu_control' with the following arguments: {'ament_cmake_args': None, 'build_base': '/home/icad/RYUGU-ROV/build/ryugu_control', 'catkin_cmake_args': None, 'catkin_skip_building_tests': False, 'cmake_args': None, 'cmake_clean_cache': False, 'cmake_clean_first': False, 'cmake_force_configure': False, 'cmake_target': None, 'cmake_target_skip_unavailable': False, 'install_base': '/home/icad/RYUGU-ROV/install/ryugu_control', 'merge_install': False, 'path': '/home/icad/RYUGU-ROV/src/ryugu_control', 'symlink_install': True, 'test_result_base': None}
[1.065s] INFO:colcon.colcon_core.executor:Executing jobs using 'parallel' executor
[1.067s] DEBUG:colcon.colcon_parallel_executor.executor.parallel:run_until_complete
[1.068s] INFO:colcon.colcon_ros.task.ament_python.build:Building ROS package in '/home/icad/RYUGU-ROV/src/ryugu_control' with build type 'ament_python'
[1.068s] Level 1:colcon.colcon_core.shell:create_environment_hook('ryugu_control', 'ament_prefix_path')
[1.074s] INFO:colcon.colcon_core.plugin_system:Skipping extension 'colcon_core.shell.bat': Not used on non-Windows systems
[1.074s] INFO:colcon.colcon_core.shell:Creating environment hook '/home/icad/RYUGU-ROV/install/ryugu_control/share/ryugu_control/hook/ament_prefix_path.ps1'
[1.076s] INFO:colcon.colcon_core.shell:Creating environment descriptor '/home/icad/RYUGU-ROV/install/ryugu_control/share/ryugu_control/hook/ament_prefix_path.dsv'
[1.077s] INFO:colcon.colcon_core.shell:Creating environment hook '/home/icad/RYUGU-ROV/install/ryugu_control/share/ryugu_control/hook/ament_prefix_path.sh'
[1.080s] INFO:colcon.colcon_core.shell:Skip shell extension 'powershell' for command environment: Not usable outside of PowerShell
[1.080s] DEBUG:colcon.colcon_core.shell:Skip shell extension 'dsv' for command environment
[1.714s] INFO:colcon.colcon_core.task.python.build:Building Python package in '/home/icad/RYUGU-ROV/src/ryugu_control'
[1.715s] INFO:colcon.colcon_core.shell:Skip shell extension 'powershell' for command environment: Not usable outside of PowerShell
[1.715s] DEBUG:colcon.colcon_core.shell:Skip shell extension 'dsv' for command environment
[2.563s] DEBUG:colcon.colcon_core.task.python.build:Available setuptools commands: saveopts, dist_info, bdist_wheel, check, bdist, build_clib, bdist_rpm, build, register, test, setopt, build_ext, clean, rotate, install_headers, install_scripts, install, easy_install, install_egg_info, egg_info, upload_docs, build_py, symlink_data, bdist_dumb, develop, install_data, bdist_egg, build_scripts, upload, sdist, install_lib, alias
[3.252s] DEBUG:colcon.colcon_core.task.python.build:Available setuptools 'develop' options: --find-links, --always-unzip, --zip-ok, --script-dir, --exclude-scripts, --record, --upgrade, --help, --install-layout, --always-copy, --uninstall, --quiet, --local-snapshots-ok, --prefix, --verbose, --multi-version, --no-deps, --dry-run, --allow-hosts, --version, --no-user-cfg, --index-url, --force-installation-into-system-dir, --install-dir, --editable, --user, --site-dirs, --egg-path, --build-directory, --no-find-links, --optimize
[3.260s] DEBUG:colcon.colcon_core.event_handler.log_command:Invoking command in '/home/icad/RYUGU-ROV/build/ryugu_control': PYTHONPATH=/home/icad/RYUGU-ROV/build/ryugu_control/prefix_override:/usr/lib/python3/dist-packages/colcon_core/task/python/colcon_distutils_commands:/home/icad/RYUGU-ROV/install/ryugu_control/lib/python3.10/site-packages:${PYTHONPATH} /usr/bin/python3 -W ignore:setup.py install is deprecated -W ignore:easy_install command is deprecated setup.py develop --editable --build-directory /home/icad/RYUGU-ROV/build/ryugu_control/build --no-deps symlink_data
[4.369s] Level 1:colcon.colcon_core.shell:create_environment_hook('ryugu_control', 'pythonpath_develop')
[4.370s] INFO:colcon.colcon_core.shell:Creating environment hook '/home/icad/RYUGU-ROV/build/ryugu_control/share/ryugu_control/hook/pythonpath_develop.ps1'
[4.371s] DEBUG:colcon.colcon_core.event_handler.log_command:Invoked command in '/home/icad/RYUGU-ROV/build/ryugu_control' returned '0': PYTHONPATH=/home/icad/RYUGU-ROV/build/ryugu_control/prefix_override:/usr/lib/python3/dist-packages/colcon_core/task/python/colcon_distutils_commands:/home/icad/RYUGU-ROV/install/ryugu_control/lib/python3.10/site-packages:${PYTHONPATH} /usr/bin/python3 -W ignore:setup.py install is deprecated -W ignore:easy_install command is deprecated setup.py develop --editable --build-directory /home/icad/RYUGU-ROV/build/ryugu_control/build --no-deps symlink_data
[4.373s] INFO:colcon.colcon_core.shell:Creating environment descriptor '/home/icad/RYUGU-ROV/build/ryugu_control/share/ryugu_control/hook/pythonpath_develop.dsv'
[4.374s] INFO:colcon.colcon_core.shell:Creating environment hook '/home/icad/RYUGU-ROV/build/ryugu_control/share/ryugu_control/hook/pythonpath_develop.sh'
[4.388s] Level 1:colcon.colcon_core.environment:checking '/home/icad/RYUGU-ROV/install/ryugu_control' for CMake module files
[4.390s] Level 1:colcon.colcon_core.environment:checking '/home/icad/RYUGU-ROV/install/ryugu_control' for CMake config files
[4.393s] Level 1:colcon.colcon_core.environment:checking '/home/icad/RYUGU-ROV/install/ryugu_control/lib'
[4.393s] Level 1:colcon.colcon_core.environment:checking '/home/icad/RYUGU-ROV/install/ryugu_control/bin'
[4.394s] Level 1:colcon.colcon_core.environment:checking '/home/icad/RYUGU-ROV/install/ryugu_control/lib/pkgconfig/ryugu_control.pc'
[4.394s] Level 1:colcon.colcon_core.environment:checking '/home/icad/RYUGU-ROV/install/ryugu_control/lib/python3.10/site-packages'
[4.395s] Level 1:colcon.colcon_core.shell:create_environment_hook('ryugu_control', 'pythonpath')
[4.396s] INFO:colcon.colcon_core.shell:Creating environment hook '/home/icad/RYUGU-ROV/install/ryugu_control/share/ryugu_control/hook/pythonpath.ps1'
[4.398s] INFO:colcon.colcon_core.shell:Creating environment descriptor '/home/icad/RYUGU-ROV/install/ryugu_control/share/ryugu_control/hook/pythonpath.dsv'
[4.399s] INFO:colcon.colcon_core.shell:Creating environment hook '/home/icad/RYUGU-ROV/install/ryugu_control/share/ryugu_control/hook/pythonpath.sh'
[4.402s] Level 1:colcon.colcon_core.environment:checking '/home/icad/RYUGU-ROV/install/ryugu_control/bin'
[4.403s] Level 1:colcon.colcon_core.environment:create_environment_scripts_only(ryugu_control)
[4.404s] INFO:colcon.colcon_core.shell:Creating package script '/home/icad/RYUGU-ROV/install/ryugu_control/share/ryugu_control/package.ps1'
[4.410s] INFO:colcon.colcon_core.shell:Creating package descriptor '/home/icad/RYUGU-ROV/install/ryugu_control/share/ryugu_control/package.dsv'
[4.413s] INFO:colcon.colcon_core.shell:Creating package script '/home/icad/RYUGU-ROV/install/ryugu_control/share/ryugu_control/package.sh'
[4.416s] INFO:colcon.colcon_core.shell:Creating package script '/home/icad/RYUGU-ROV/install/ryugu_control/share/ryugu_control/package.bash'
[4.422s] INFO:colcon.colcon_core.shell:Creating package script '/home/icad/RYUGU-ROV/install/ryugu_control/share/ryugu_control/package.zsh'
[4.426s] Level 1:colcon.colcon_core.environment:create_file_with_runtime_dependencies(/home/icad/RYUGU-ROV/install/ryugu_control/share/colcon-core/packages/ryugu_control)
[4.427s] DEBUG:colcon.colcon_parallel_executor.executor.parallel:closing loop
[4.428s] DEBUG:colcon.colcon_parallel_executor.executor.parallel:loop closed
[4.429s] DEBUG:colcon.colcon_parallel_executor.executor.parallel:run_until_complete finished with '0'
[4.429s] DEBUG:colcon.colcon_core.event_reactor:joining thread
[4.454s] INFO:colcon.colcon_core.plugin_system:Skipping extension 'colcon_notification.desktop_notification.terminal_notifier': Not used on non-Darwin systems
[4.454s] INFO:colcon.colcon_core.plugin_system:Skipping extension 'colcon_notification.desktop_notification.win32': Not used on non-Windows systems
[4.454s] INFO:colcon.colcon_notification.desktop_notification:Sending desktop notification using 'notify2'
[4.490s] DEBUG:colcon.colcon_core.event_reactor:joined thread
[4.491s] INFO:colcon.colcon_core.shell:Creating prefix script '/home/icad/RYUGU-ROV/install/local_setup.ps1'
[4.494s] INFO:colcon.colcon_core.shell:Creating prefix util module '/home/icad/RYUGU-ROV/install/_local_setup_util_ps1.py'
[4.498s] INFO:colcon.colcon_core.shell:Creating prefix chain script '/home/icad/RYUGU-ROV/install/setup.ps1'
[4.502s] INFO:colcon.colcon_core.shell:Creating prefix script '/home/icad/RYUGU-ROV/install/local_setup.sh'
[4.504s] INFO:colcon.colcon_core.shell:Creating prefix util module '/home/icad/RYUGU-ROV/install/_local_setup_util_sh.py'
[4.505s] INFO:colcon.colcon_core.shell:Creating prefix chain script '/home/icad/RYUGU-ROV/install/setup.sh'
[4.508s] INFO:colcon.colcon_core.shell:Creating prefix script '/home/icad/RYUGU-ROV/install/local_setup.bash'
[4.509s] INFO:colcon.colcon_core.shell:Creating prefix chain script '/home/icad/RYUGU-ROV/install/setup.bash'
[4.512s] INFO:colcon.colcon_core.shell:Creating prefix script '/home/icad/RYUGU-ROV/install/local_setup.zsh'
[4.513s] INFO:colcon.colcon_core.shell:Creating prefix chain script '/home/icad/RYUGU-ROV/install/setup.zsh'
