running develop
Removing /home/icad/RYUGU-ROV/install/ryugu_control/lib/python3.10/site-packages/ryugu-control.egg-link (link to .)
running egg_info
writing ../../build/ryugu_control/ryugu_control.egg-info/PKG-INFO
writing dependency_links to ../../build/ryugu_control/ryugu_control.egg-info/dependency_links.txt
writing entry points to ../../build/ryugu_control/ryugu_control.egg-info/entry_points.txt
writing requirements to ../../build/ryugu_control/ryugu_control.egg-info/requires.txt
writing top-level names to ../../build/ryugu_control/ryugu_control.egg-info/top_level.txt
reading manifest file '../../build/ryugu_control/ryugu_control.egg-info/SOURCES.txt'
writing manifest file '../../build/ryugu_control/ryugu_control.egg-info/SOURCES.txt'
running build
running build_py
creating /home/icad/RYUGU-ROV/build/ryugu_control/build
creating /home/icad/RYUGU-ROV/build/ryugu_control/build/lib
creating /home/icad/RYUGU-ROV/build/ryugu_control/build/lib/ryugu_control
copying ryugu_control/test_arming_mode.py -> /home/icad/RYUGU-ROV/build/ryugu_control/build/lib/ryugu_control
copying ryugu_control/__init__.py -> /home/icad/RYUGU-ROV/build/ryugu_control/build/lib/ryugu_control
running install
running install_lib
creating /home/icad/RYUGU-ROV/install/ryugu_control/lib/python3.10/site-packages/ryugu_control
copying /home/icad/RYUGU-ROV/build/ryugu_control/build/lib/ryugu_control/test_arming_mode.py -> /home/icad/RYUGU-ROV/install/ryugu_control/lib/python3.10/site-packages/ryugu_control
copying /home/icad/RYUGU-ROV/build/ryugu_control/build/lib/ryugu_control/__init__.py -> /home/icad/RYUGU-ROV/install/ryugu_control/lib/python3.10/site-packages/ryugu_control
byte-compiling /home/icad/RYUGU-ROV/install/ryugu_control/lib/python3.10/site-packages/ryugu_control/test_arming_mode.py to test_arming_mode.cpython-310.pyc
byte-compiling /home/icad/RYUGU-ROV/install/ryugu_control/lib/python3.10/site-packages/ryugu_control/__init__.py to __init__.cpython-310.pyc
running install_data
copying resource/ryugu_control -> /home/icad/RYUGU-ROV/install/ryugu_control/share/ament_index/resource_index/packages
copying package.xml -> /home/icad/RYUGU-ROV/install/ryugu_control/share/ryugu_control
copying launch/mavros_sub.launch.py -> /home/icad/RYUGU-ROV/install/ryugu_control/share/ryugu_control/launch
copying config/ardusub_params.yaml -> /home/icad/RYUGU-ROV/install/ryugu_control/share/ryugu_control/config
running install_egg_info
Copying ../../build/ryugu_control/ryugu_control.egg-info to /home/icad/RYUGU-ROV/install/ryugu_control/lib/python3.10/site-packages/ryugu_control-0.1.0-py3.10.egg-info
running install_scripts
Installing test_arming_mode script to /home/icad/RYUGU-ROV/install/ryugu_control/lib/ryugu_control
writing list of installed files to '/home/icad/RYUGU-ROV/build/ryugu_control/install.log'
