[0.272s] DEBUG:colcon:Command line arguments: ['/usr/bin/colcon', 'build', '--packages-select', 'ryugu_control']
[0.273s] DEBUG:colcon:Parsed command line arguments: Namespace(log_base=None, log_level=None, verb_name='build', build_base='build', install_base='install', merge_install=False, symlink_install=False, test_result_base=None, continue_on_error=False, executor='parallel', parallel_workers=6, event_handlers=None, ignore_user_meta=False, metas=['./colcon.meta'], base_paths=['.'], packages_ignore=None, packages_ignore_regex=None, paths=None, packages_up_to=None, packages_up_to_regex=None, packages_above=None, packages_above_and_dependencies=None, packages_above_depth=None, packages_select_by_dep=None, packages_skip_by_dep=None, packages_skip_up_to=None, packages_select_build_failed=False, packages_skip_build_finished=False, packages_select_test_failures=False, packages_skip_test_passed=False, packages_select=['ryugu_control'], packages_skip=None, packages_select_regex=None, packages_skip_regex=None, packages_start=None, packages_end=None, allow_overriding=[], cmake_args=None, cmake_target=None, cmake_target_skip_unavailable=False, cmake_clean_cache=False, cmake_clean_first=False, cmake_force_configure=False, ament_cmake_args=None, catkin_cmake_args=None, catkin_skip_building_tests=False, mixin_files=None, mixin=None, verb_parser=<colcon_mixin.mixin.mixin_argument.MixinArgumentDecorator object at 0xffff96371ff0>, verb_extension=<colcon_core.verb.build.BuildVerb object at 0xffff9652f280>, main=<bound method BuildVerb.main of <colcon_core.verb.build.BuildVerb object at 0xffff9652f280>>, mixin_verb=('build',))
[0.680s] Level 1:colcon.colcon_core.package_discovery:discover_packages(colcon_meta) check parameters
[0.680s] Level 1:colcon.colcon_core.package_discovery:discover_packages(recursive) check parameters
[0.681s] Level 1:colcon.colcon_core.package_discovery:discover_packages(ignore) check parameters
[0.681s] Level 1:colcon.colcon_core.package_discovery:discover_packages(path) check parameters
[0.681s] Level 1:colcon.colcon_core.package_discovery:discover_packages(colcon_meta) discover
[0.681s] Level 1:colcon.colcon_core.package_discovery:discover_packages(recursive) discover
[0.681s] INFO:colcon.colcon_core.package_discovery:Crawling recursively for packages in '/home/icad/RYUGU-ROV'
[0.681s] Level 1:colcon.colcon_core.package_identification:_identify(.) by extensions ['ignore', 'ignore_ament_install']
[0.682s] Level 1:colcon.colcon_core.package_identification:_identify(.) by extension 'ignore'
[0.682s] Level 1:colcon.colcon_core.package_identification:_identify(.) by extension 'ignore_ament_install'
[0.682s] Level 1:colcon.colcon_core.package_identification:_identify(.) by extensions ['colcon_pkg']
[0.682s] Level 1:colcon.colcon_core.package_identification:_identify(.) by extension 'colcon_pkg'
[0.682s] Level 1:colcon.colcon_core.package_identification:_identify(.) by extensions ['colcon_meta']
[0.682s] Level 1:colcon.colcon_core.package_identification:_identify(.) by extension 'colcon_meta'
[0.682s] Level 1:colcon.colcon_core.package_identification:_identify(.) by extensions ['ros']
[0.682s] Level 1:colcon.colcon_core.package_identification:_identify(.) by extension 'ros'
[0.709s] Level 1:colcon.colcon_core.package_identification:_identify(.) by extensions ['cmake', 'python']
[0.709s] Level 1:colcon.colcon_core.package_identification:_identify(.) by extension 'cmake'
[0.709s] Level 1:colcon.colcon_core.package_identification:_identify(.) by extension 'python'
[0.709s] Level 1:colcon.colcon_core.package_identification:_identify(.) by extensions ['python_setup_py']
[0.709s] Level 1:colcon.colcon_core.package_identification:_identify(.) by extension 'python_setup_py'
[0.710s] Level 1:colcon.colcon_core.package_identification:_identify(build) by extensions ['ignore', 'ignore_ament_install']
[0.710s] Level 1:colcon.colcon_core.package_identification:_identify(build) by extension 'ignore'
[0.710s] Level 1:colcon.colcon_core.package_identification:_identify(build) ignored
[0.710s] Level 1:colcon.colcon_core.package_identification:_identify(install) by extensions ['ignore', 'ignore_ament_install']
[0.711s] Level 1:colcon.colcon_core.package_identification:_identify(install) by extension 'ignore'
[0.711s] Level 1:colcon.colcon_core.package_identification:_identify(install) ignored
[0.711s] Level 1:colcon.colcon_core.package_identification:_identify(log) by extensions ['ignore', 'ignore_ament_install']
[0.711s] Level 1:colcon.colcon_core.package_identification:_identify(log) by extension 'ignore'
[0.712s] Level 1:colcon.colcon_core.package_identification:_identify(log) ignored
[0.712s] Level 1:colcon.colcon_core.package_identification:_identify(src) by extensions ['ignore', 'ignore_ament_install']
[0.712s] Level 1:colcon.colcon_core.package_identification:_identify(src) by extension 'ignore'
[0.712s] Level 1:colcon.colcon_core.package_identification:_identify(src) by extension 'ignore_ament_install'
[0.712s] Level 1:colcon.colcon_core.package_identification:_identify(src) by extensions ['colcon_pkg']
[0.712s] Level 1:colcon.colcon_core.package_identification:_identify(src) by extension 'colcon_pkg'
[0.712s] Level 1:colcon.colcon_core.package_identification:_identify(src) by extensions ['colcon_meta']
[0.713s] Level 1:colcon.colcon_core.package_identification:_identify(src) by extension 'colcon_meta'
[0.713s] Level 1:colcon.colcon_core.package_identification:_identify(src) by extensions ['ros']
[0.713s] Level 1:colcon.colcon_core.package_identification:_identify(src) by extension 'ros'
[0.713s] Level 1:colcon.colcon_core.package_identification:_identify(src) by extensions ['cmake', 'python']
[0.713s] Level 1:colcon.colcon_core.package_identification:_identify(src) by extension 'cmake'
[0.713s] Level 1:colcon.colcon_core.package_identification:_identify(src) by extension 'python'
[0.713s] Level 1:colcon.colcon_core.package_identification:_identify(src) by extensions ['python_setup_py']
[0.713s] Level 1:colcon.colcon_core.package_identification:_identify(src) by extension 'python_setup_py'
[0.714s] Level 1:colcon.colcon_core.package_identification:_identify(src/ryugu_control) by extensions ['ignore', 'ignore_ament_install']
[0.714s] Level 1:colcon.colcon_core.package_identification:_identify(src/ryugu_control) by extension 'ignore'
[0.714s] Level 1:colcon.colcon_core.package_identification:_identify(src/ryugu_control) by extension 'ignore_ament_install'
[0.714s] Level 1:colcon.colcon_core.package_identification:_identify(src/ryugu_control) by extensions ['colcon_pkg']
[0.714s] Level 1:colcon.colcon_core.package_identification:_identify(src/ryugu_control) by extension 'colcon_pkg'
[0.714s] Level 1:colcon.colcon_core.package_identification:_identify(src/ryugu_control) by extensions ['colcon_meta']
[0.714s] Level 1:colcon.colcon_core.package_identification:_identify(src/ryugu_control) by extension 'colcon_meta'
[0.714s] Level 1:colcon.colcon_core.package_identification:_identify(src/ryugu_control) by extensions ['ros']
[0.715s] Level 1:colcon.colcon_core.package_identification:_identify(src/ryugu_control) by extension 'ros'
[0.721s] DEBUG:colcon.colcon_core.package_identification:Package 'src/ryugu_control' with type 'ros.ament_python' and name 'ryugu_control'
[0.721s] Level 1:colcon.colcon_core.package_identification:_identify(tests) by extensions ['ignore', 'ignore_ament_install']
[0.721s] Level 1:colcon.colcon_core.package_identification:_identify(tests) by extension 'ignore'
[0.722s] Level 1:colcon.colcon_core.package_identification:_identify(tests) by extension 'ignore_ament_install'
[0.722s] Level 1:colcon.colcon_core.package_identification:_identify(tests) by extensions ['colcon_pkg']
[0.722s] Level 1:colcon.colcon_core.package_identification:_identify(tests) by extension 'colcon_pkg'
[0.722s] Level 1:colcon.colcon_core.package_identification:_identify(tests) by extensions ['colcon_meta']
[0.722s] Level 1:colcon.colcon_core.package_identification:_identify(tests) by extension 'colcon_meta'
[0.722s] Level 1:colcon.colcon_core.package_identification:_identify(tests) by extensions ['ros']
[0.722s] Level 1:colcon.colcon_core.package_identification:_identify(tests) by extension 'ros'
[0.723s] Level 1:colcon.colcon_core.package_identification:_identify(tests) by extensions ['cmake', 'python']
[0.723s] Level 1:colcon.colcon_core.package_identification:_identify(tests) by extension 'cmake'
[0.723s] Level 1:colcon.colcon_core.package_identification:_identify(tests) by extension 'python'
[0.723s] Level 1:colcon.colcon_core.package_identification:_identify(tests) by extensions ['python_setup_py']
[0.723s] Level 1:colcon.colcon_core.package_identification:_identify(tests) by extension 'python_setup_py'
[0.723s] Level 1:colcon.colcon_core.package_identification:_identify(tests/comm) by extensions ['ignore', 'ignore_ament_install']
[0.723s] Level 1:colcon.colcon_core.package_identification:_identify(tests/comm) by extension 'ignore'
[0.724s] Level 1:colcon.colcon_core.package_identification:_identify(tests/comm) by extension 'ignore_ament_install'
[0.724s] Level 1:colcon.colcon_core.package_identification:_identify(tests/comm) by extensions ['colcon_pkg']
[0.724s] Level 1:colcon.colcon_core.package_identification:_identify(tests/comm) by extension 'colcon_pkg'
[0.724s] Level 1:colcon.colcon_core.package_identification:_identify(tests/comm) by extensions ['colcon_meta']
[0.724s] Level 1:colcon.colcon_core.package_identification:_identify(tests/comm) by extension 'colcon_meta'
[0.724s] Level 1:colcon.colcon_core.package_identification:_identify(tests/comm) by extensions ['ros']
[0.724s] Level 1:colcon.colcon_core.package_identification:_identify(tests/comm) by extension 'ros'
[0.724s] Level 1:colcon.colcon_core.package_identification:_identify(tests/comm) by extensions ['cmake', 'python']
[0.724s] Level 1:colcon.colcon_core.package_identification:_identify(tests/comm) by extension 'cmake'
[0.725s] Level 1:colcon.colcon_core.package_identification:_identify(tests/comm) by extension 'python'
[0.725s] Level 1:colcon.colcon_core.package_identification:_identify(tests/comm) by extensions ['python_setup_py']
[0.725s] Level 1:colcon.colcon_core.package_identification:_identify(tests/comm) by extension 'python_setup_py'
[0.725s] Level 1:colcon.colcon_core.package_identification:_identify(tests/streaming) by extensions ['ignore', 'ignore_ament_install']
[0.725s] Level 1:colcon.colcon_core.package_identification:_identify(tests/streaming) by extension 'ignore'
[0.725s] Level 1:colcon.colcon_core.package_identification:_identify(tests/streaming) by extension 'ignore_ament_install'
[0.726s] Level 1:colcon.colcon_core.package_identification:_identify(tests/streaming) by extensions ['colcon_pkg']
[0.726s] Level 1:colcon.colcon_core.package_identification:_identify(tests/streaming) by extension 'colcon_pkg'
[0.726s] Level 1:colcon.colcon_core.package_identification:_identify(tests/streaming) by extensions ['colcon_meta']
[0.726s] Level 1:colcon.colcon_core.package_identification:_identify(tests/streaming) by extension 'colcon_meta'
[0.726s] Level 1:colcon.colcon_core.package_identification:_identify(tests/streaming) by extensions ['ros']
[0.726s] Level 1:colcon.colcon_core.package_identification:_identify(tests/streaming) by extension 'ros'
[0.726s] Level 1:colcon.colcon_core.package_identification:_identify(tests/streaming) by extensions ['cmake', 'python']
[0.726s] Level 1:colcon.colcon_core.package_identification:_identify(tests/streaming) by extension 'cmake'
[0.726s] Level 1:colcon.colcon_core.package_identification:_identify(tests/streaming) by extension 'python'
[0.727s] Level 1:colcon.colcon_core.package_identification:_identify(tests/streaming) by extensions ['python_setup_py']
[0.727s] Level 1:colcon.colcon_core.package_identification:_identify(tests/streaming) by extension 'python_setup_py'
[0.727s] Level 1:colcon.colcon_core.package_discovery:discover_packages(recursive) using defaults
[0.727s] Level 1:colcon.colcon_core.package_discovery:discover_packages(ignore) discover
[0.727s] Level 1:colcon.colcon_core.package_discovery:discover_packages(ignore) using defaults
[0.727s] Level 1:colcon.colcon_core.package_discovery:discover_packages(path) discover
[0.727s] Level 1:colcon.colcon_core.package_discovery:discover_packages(path) using defaults
[0.807s] Level 1:colcon.colcon_core.package_discovery:discover_packages(prefix_path) check parameters
[0.807s] Level 1:colcon.colcon_core.package_discovery:discover_packages(prefix_path) discover
[0.811s] DEBUG:colcon.colcon_installed_package_information.package_discovery:Found 1 installed packages in /home/icad/RYUGU-ROV/install
[0.814s] DEBUG:colcon.colcon_installed_package_information.package_discovery:Found 280 installed packages in /opt/ros/humble
[0.817s] Level 1:colcon.colcon_core.package_discovery:discover_packages(prefix_path) using defaults
[0.913s] Level 5:colcon.colcon_core.verb:set package 'ryugu_control' build argument 'cmake_args' from command line to 'None'
[0.913s] Level 5:colcon.colcon_core.verb:set package 'ryugu_control' build argument 'cmake_target' from command line to 'None'
[0.913s] Level 5:colcon.colcon_core.verb:set package 'ryugu_control' build argument 'cmake_target_skip_unavailable' from command line to 'False'
[0.913s] Level 5:colcon.colcon_core.verb:set package 'ryugu_control' build argument 'cmake_clean_cache' from command line to 'False'
[0.913s] Level 5:colcon.colcon_core.verb:set package 'ryugu_control' build argument 'cmake_clean_first' from command line to 'False'
[0.913s] Level 5:colcon.colcon_core.verb:set package 'ryugu_control' build argument 'cmake_force_configure' from command line to 'False'
[0.913s] Level 5:colcon.colcon_core.verb:set package 'ryugu_control' build argument 'ament_cmake_args' from command line to 'None'
[0.913s] Level 5:colcon.colcon_core.verb:set package 'ryugu_control' build argument 'catkin_cmake_args' from command line to 'None'
[0.914s] Level 5:colcon.colcon_core.verb:set package 'ryugu_control' build argument 'catkin_skip_building_tests' from command line to 'False'
[0.914s] DEBUG:colcon.colcon_core.verb:Building package 'ryugu_control' with the following arguments: {'ament_cmake_args': None, 'build_base': '/home/icad/RYUGU-ROV/build/ryugu_control', 'catkin_cmake_args': None, 'catkin_skip_building_tests': False, 'cmake_args': None, 'cmake_clean_cache': False, 'cmake_clean_first': False, 'cmake_force_configure': False, 'cmake_target': None, 'cmake_target_skip_unavailable': False, 'install_base': '/home/icad/RYUGU-ROV/install/ryugu_control', 'merge_install': False, 'path': '/home/icad/RYUGU-ROV/src/ryugu_control', 'symlink_install': False, 'test_result_base': None}
[0.914s] INFO:colcon.colcon_core.executor:Executing jobs using 'parallel' executor
[0.917s] DEBUG:colcon.colcon_parallel_executor.executor.parallel:run_until_complete
[0.918s] INFO:colcon.colcon_ros.task.ament_python.build:Building ROS package in '/home/icad/RYUGU-ROV/src/ryugu_control' with build type 'ament_python'
[0.918s] Level 1:colcon.colcon_core.shell:create_environment_hook('ryugu_control', 'ament_prefix_path')
[0.923s] INFO:colcon.colcon_core.plugin_system:Skipping extension 'colcon_core.shell.bat': Not used on non-Windows systems
[0.924s] INFO:colcon.colcon_core.shell:Creating environment hook '/home/icad/RYUGU-ROV/install/ryugu_control/share/ryugu_control/hook/ament_prefix_path.ps1'
[0.926s] INFO:colcon.colcon_core.shell:Creating environment descriptor '/home/icad/RYUGU-ROV/install/ryugu_control/share/ryugu_control/hook/ament_prefix_path.dsv'
[0.927s] INFO:colcon.colcon_core.shell:Creating environment hook '/home/icad/RYUGU-ROV/install/ryugu_control/share/ryugu_control/hook/ament_prefix_path.sh'
[0.929s] INFO:colcon.colcon_core.shell:Skip shell extension 'powershell' for command environment: Not usable outside of PowerShell
[0.929s] DEBUG:colcon.colcon_core.shell:Skip shell extension 'dsv' for command environment
[1.574s] INFO:colcon.colcon_core.task.python.build:Building Python package in '/home/icad/RYUGU-ROV/src/ryugu_control'
[1.575s] INFO:colcon.colcon_core.shell:Skip shell extension 'powershell' for command environment: Not usable outside of PowerShell
[1.575s] DEBUG:colcon.colcon_core.shell:Skip shell extension 'dsv' for command environment
[2.398s] DEBUG:colcon.colcon_core.task.python.build:Available setuptools commands: symlink_data, upload_docs, register, build_clib, bdist_wheel, bdist, bdist_dumb, bdist_rpm, build_ext, build_scripts, bdist_egg, alias, setopt, build_py, easy_install, check, test, dist_info, install_headers, build, develop, install_scripts, install_data, saveopts, egg_info, install_lib, clean, rotate, install_egg_info, sdist, install, upload
[2.407s] DEBUG:colcon.colcon_core.event_handler.log_command:Invoking command in '/home/icad/RYUGU-ROV/build/ryugu_control': PYTHONPATH=/home/icad/RYUGU-ROV/build/ryugu_control/prefix_override:/usr/lib/python3/dist-packages/colcon_core/task/python/colcon_distutils_commands:/home/icad/RYUGU-ROV/install/ryugu_control/lib/python3.10/site-packages:${PYTHONPATH} /usr/bin/python3 -W ignore:setup.py install is deprecated -W ignore:easy_install command is deprecated setup.py develop --uninstall --editable --build-directory /home/icad/RYUGU-ROV/build/ryugu_control/build
[3.535s] DEBUG:colcon.colcon_core.event_handler.log_command:Invoked command in '/home/icad/RYUGU-ROV/build/ryugu_control' returned '0': PYTHONPATH=/home/icad/RYUGU-ROV/build/ryugu_control/prefix_override:/usr/lib/python3/dist-packages/colcon_core/task/python/colcon_distutils_commands:/home/icad/RYUGU-ROV/install/ryugu_control/lib/python3.10/site-packages:${PYTHONPATH} /usr/bin/python3 -W ignore:setup.py install is deprecated -W ignore:easy_install command is deprecated setup.py develop --uninstall --editable --build-directory /home/icad/RYUGU-ROV/build/ryugu_control/build
[3.541s] DEBUG:colcon.colcon_core.event_handler.log_command:Invoking command in '/home/icad/RYUGU-ROV/src/ryugu_control': PYTHONPATH=/home/icad/RYUGU-ROV/build/ryugu_control/prefix_override:/usr/lib/python3/dist-packages/colcon_core/task/python/colcon_distutils_commands:/home/icad/RYUGU-ROV/install/ryugu_control/lib/python3.10/site-packages:${PYTHONPATH} /usr/bin/python3 -W ignore:setup.py install is deprecated -W ignore:easy_install command is deprecated setup.py egg_info --egg-base ../../build/ryugu_control build --build-base /home/icad/RYUGU-ROV/build/ryugu_control/build install --record /home/icad/RYUGU-ROV/build/ryugu_control/install.log --install-scripts $base/lib/ryugu_control --single-version-externally-managed install_data --force
[4.402s] DEBUG:colcon.colcon_core.event_handler.log_command:Invoked command in '/home/icad/RYUGU-ROV/src/ryugu_control' returned '0': PYTHONPATH=/home/icad/RYUGU-ROV/build/ryugu_control/prefix_override:/usr/lib/python3/dist-packages/colcon_core/task/python/colcon_distutils_commands:/home/icad/RYUGU-ROV/install/ryugu_control/lib/python3.10/site-packages:${PYTHONPATH} /usr/bin/python3 -W ignore:setup.py install is deprecated -W ignore:easy_install command is deprecated setup.py egg_info --egg-base ../../build/ryugu_control build --build-base /home/icad/RYUGU-ROV/build/ryugu_control/build install --record /home/icad/RYUGU-ROV/build/ryugu_control/install.log --install-scripts $base/lib/ryugu_control --single-version-externally-managed install_data --force
[4.409s] Level 1:colcon.colcon_core.environment:checking '/home/icad/RYUGU-ROV/install/ryugu_control' for CMake module files
[4.411s] Level 1:colcon.colcon_core.environment:checking '/home/icad/RYUGU-ROV/install/ryugu_control' for CMake config files
[4.413s] Level 1:colcon.colcon_core.environment:checking '/home/icad/RYUGU-ROV/install/ryugu_control/lib'
[4.414s] Level 1:colcon.colcon_core.environment:checking '/home/icad/RYUGU-ROV/install/ryugu_control/bin'
[4.414s] Level 1:colcon.colcon_core.environment:checking '/home/icad/RYUGU-ROV/install/ryugu_control/lib/pkgconfig/ryugu_control.pc'
[4.415s] Level 1:colcon.colcon_core.environment:checking '/home/icad/RYUGU-ROV/install/ryugu_control/lib/python3.10/site-packages'
[4.415s] Level 1:colcon.colcon_core.shell:create_environment_hook('ryugu_control', 'pythonpath')
[4.416s] INFO:colcon.colcon_core.shell:Creating environment hook '/home/icad/RYUGU-ROV/install/ryugu_control/share/ryugu_control/hook/pythonpath.ps1'
[4.418s] INFO:colcon.colcon_core.shell:Creating environment descriptor '/home/icad/RYUGU-ROV/install/ryugu_control/share/ryugu_control/hook/pythonpath.dsv'
[4.420s] INFO:colcon.colcon_core.shell:Creating environment hook '/home/icad/RYUGU-ROV/install/ryugu_control/share/ryugu_control/hook/pythonpath.sh'
[4.422s] Level 1:colcon.colcon_core.environment:checking '/home/icad/RYUGU-ROV/install/ryugu_control/bin'
[4.423s] Level 1:colcon.colcon_core.environment:create_environment_scripts_only(ryugu_control)
[4.424s] INFO:colcon.colcon_core.shell:Creating package script '/home/icad/RYUGU-ROV/install/ryugu_control/share/ryugu_control/package.ps1'
[4.428s] INFO:colcon.colcon_core.shell:Creating package descriptor '/home/icad/RYUGU-ROV/install/ryugu_control/share/ryugu_control/package.dsv'
[4.430s] INFO:colcon.colcon_core.shell:Creating package script '/home/icad/RYUGU-ROV/install/ryugu_control/share/ryugu_control/package.sh'
[4.433s] INFO:colcon.colcon_core.shell:Creating package script '/home/icad/RYUGU-ROV/install/ryugu_control/share/ryugu_control/package.bash'
[4.436s] INFO:colcon.colcon_core.shell:Creating package script '/home/icad/RYUGU-ROV/install/ryugu_control/share/ryugu_control/package.zsh'
[4.439s] Level 1:colcon.colcon_core.environment:create_file_with_runtime_dependencies(/home/icad/RYUGU-ROV/install/ryugu_control/share/colcon-core/packages/ryugu_control)
[4.441s] DEBUG:colcon.colcon_parallel_executor.executor.parallel:closing loop
[4.442s] DEBUG:colcon.colcon_parallel_executor.executor.parallel:loop closed
[4.442s] DEBUG:colcon.colcon_parallel_executor.executor.parallel:run_until_complete finished with '0'
[4.442s] DEBUG:colcon.colcon_core.event_reactor:joining thread
[4.459s] INFO:colcon.colcon_core.plugin_system:Skipping extension 'colcon_notification.desktop_notification.terminal_notifier': Not used on non-Darwin systems
[4.459s] INFO:colcon.colcon_core.plugin_system:Skipping extension 'colcon_notification.desktop_notification.win32': Not used on non-Windows systems
[4.460s] INFO:colcon.colcon_notification.desktop_notification:Sending desktop notification using 'notify2'
[4.504s] DEBUG:colcon.colcon_core.event_reactor:joined thread
[4.506s] INFO:colcon.colcon_core.shell:Creating prefix script '/home/icad/RYUGU-ROV/install/local_setup.ps1'
[4.509s] INFO:colcon.colcon_core.shell:Creating prefix util module '/home/icad/RYUGU-ROV/install/_local_setup_util_ps1.py'
[4.514s] INFO:colcon.colcon_core.shell:Creating prefix chain script '/home/icad/RYUGU-ROV/install/setup.ps1'
[4.522s] INFO:colcon.colcon_core.shell:Creating prefix script '/home/icad/RYUGU-ROV/install/local_setup.sh'
[4.524s] INFO:colcon.colcon_core.shell:Creating prefix util module '/home/icad/RYUGU-ROV/install/_local_setup_util_sh.py'
[4.526s] INFO:colcon.colcon_core.shell:Creating prefix chain script '/home/icad/RYUGU-ROV/install/setup.sh'
[4.529s] INFO:colcon.colcon_core.shell:Creating prefix script '/home/icad/RYUGU-ROV/install/local_setup.bash'
[4.531s] INFO:colcon.colcon_core.shell:Creating prefix chain script '/home/icad/RYUGU-ROV/install/setup.bash'
[4.533s] INFO:colcon.colcon_core.shell:Creating prefix script '/home/icad/RYUGU-ROV/install/local_setup.zsh'
[4.534s] INFO:colcon.colcon_core.shell:Creating prefix chain script '/home/icad/RYUGU-ROV/install/setup.zsh'
