running egg_info
writing ../../build/ryugu_control/ryugu_control.egg-info/PKG-INFO
writing dependency_links to ../../build/ryugu_control/ryugu_control.egg-info/dependency_links.txt
writing entry points to ../../build/ryugu_control/ryugu_control.egg-info/entry_points.txt
writing requirements to ../../build/ryugu_control/ryugu_control.egg-info/requires.txt
writing top-level names to ../../build/ryugu_control/ryugu_control.egg-info/top_level.txt
reading manifest file '../../build/ryugu_control/ryugu_control.egg-info/SOURCES.txt'
writing manifest file '../../build/ryugu_control/ryugu_control.egg-info/SOURCES.txt'
running build
running build_py
running install
running install_lib
running install_data
running install_egg_info
removing '/home/icad/RYUGU-ROV/install/ryugu_control/lib/python3.10/site-packages/ryugu_control-0.1.0-py3.10.egg-info' (and everything under it)
Copying ../../build/ryugu_control/ryugu_control.egg-info to /home/icad/RYUGU-ROV/install/ryugu_control/lib/python3.10/site-packages/ryugu_control-0.1.0-py3.10.egg-info
running install_scripts
Installing gcs_bridge_node script to /home/icad/RYUGU-ROV/install/ryugu_control/lib/ryugu_control
Installing test_arming_mode script to /home/icad/RYUGU-ROV/install/ryugu_control/lib/ryugu_control
Installing test_sensor_reader script to /home/icad/RYUGU-ROV/install/ryugu_control/lib/ryugu_control
Installing test_thrusters_gripper script to /home/icad/RYUGU-ROV/install/ryugu_control/lib/ryugu_control
Installing webcam_streamer script to /home/icad/RYUGU-ROV/install/ryugu_control/lib/ryugu_control
writing list of installed files to '/home/icad/RYUGU-ROV/build/ryugu_control/install.log'
