[2.203s] Invoking command in '/home/icad/RYUGU-ROV/build/ryugu_control': PYTHONPATH=/home/icad/RYUGU-ROV/build/ryugu_control/prefix_override:/usr/lib/python3/dist-packages/colcon_core/task/python/colcon_distutils_commands:/home/icad/RYUGU-ROV/install/ryugu_control/lib/python3.10/site-packages:${PYTHONPATH} /usr/bin/python3 -W ignore:setup.py install is deprecated -W ignore:easy_install command is deprecated setup.py develop --editable --build-directory /home/icad/RYUGU-ROV/build/ryugu_control/build --no-deps symlink_data
[2.837s] running develop
[3.223s] running egg_info
[3.224s] creating ryugu_control.egg-info
[3.224s] writing ryugu_control.egg-info/PKG-INFO
[3.225s] writing dependency_links to ryugu_control.egg-info/dependency_links.txt
[3.225s] writing entry points to ryugu_control.egg-info/entry_points.txt
[3.225s] writing requirements to ryugu_control.egg-info/requires.txt
[3.225s] writing top-level names to ryugu_control.egg-info/top_level.txt
[3.226s] writing manifest file 'ryugu_control.egg-info/SOURCES.txt'
[3.230s] reading manifest file 'ryugu_control.egg-info/SOURCES.txt'
[3.232s] writing manifest file 'ryugu_control.egg-info/SOURCES.txt'
[3.235s] running build_ext
[3.235s] Creating /home/icad/RYUGU-ROV/install/ryugu_control/lib/python3.10/site-packages/ryugu-control.egg-link (link to .)
[3.237s] 
[3.237s] Installed /home/icad/RYUGU-ROV/build/ryugu_control
[3.238s] running symlink_data
[3.238s] creating /home/icad/RYUGU-ROV/install/ryugu_control/share/ament_index
[3.238s] creating /home/icad/RYUGU-ROV/install/ryugu_control/share/ament_index/resource_index
[3.238s] creating /home/icad/RYUGU-ROV/install/ryugu_control/share/ament_index/resource_index/packages
[3.238s] symbolically linking /home/icad/RYUGU-ROV/build/ryugu_control/resource/ryugu_control -> /home/icad/RYUGU-ROV/install/ryugu_control/share/ament_index/resource_index/packages
[3.239s] symbolically linking /home/icad/RYUGU-ROV/build/ryugu_control/package.xml -> /home/icad/RYUGU-ROV/install/ryugu_control/share/ryugu_control
[3.239s] creating /home/icad/RYUGU-ROV/install/ryugu_control/share/ryugu_control/launch
[3.239s] symbolically linking /home/icad/RYUGU-ROV/build/ryugu_control/launch/mavros_sub.launch.py -> /home/icad/RYUGU-ROV/install/ryugu_control/share/ryugu_control/launch
[3.239s] creating /home/icad/RYUGU-ROV/install/ryugu_control/share/ryugu_control/config
[3.240s] symbolically linking /home/icad/RYUGU-ROV/build/ryugu_control/config/ardusub_params.yaml -> /home/icad/RYUGU-ROV/install/ryugu_control/share/ryugu_control/config
[3.327s] Invoked command in '/home/icad/RYUGU-ROV/build/ryugu_control' returned '0': PYTHONPATH=/home/icad/RYUGU-ROV/build/ryugu_control/prefix_override:/usr/lib/python3/dist-packages/colcon_core/task/python/colcon_distutils_commands:/home/icad/RYUGU-ROV/install/ryugu_control/lib/python3.10/site-packages:${PYTHONPATH} /usr/bin/python3 -W ignore:setup.py install is deprecated -W ignore:easy_install command is deprecated setup.py develop --editable --build-directory /home/icad/RYUGU-ROV/build/ryugu_control/build --no-deps symlink_data
